{"/Users/rpeshkov/Developer/vscode-extensions/vscode-text-tables/out/src/configuration.js":{"path":"/Users/rpeshkov/Developer/vscode-extensions/vscode-text-tables/out/src/configuration.js","s":{"1":1,"2":12,"3":1,"4":12,"5":12,"6":0,"7":1,"8":0,"9":0,"10":0,"11":1,"12":24,"13":12,"14":12,"15":1,"16":1,"17":1,"18":1,"19":1,"20":1,"21":1,"22":1,"23":1,"24":1,"25":8,"26":8,"27":1,"28":1,"29":12,"30":12,"31":12,"32":12,"33":1},"b":{"1":[1,1,1],"2":[12,12],"3":[12,12],"4":[12,12],"5":[1,1]},"f":{"1":12,"2":12,"3":12,"4":0,"5":24,"6":12,"7":1,"8":8,"9":12,"10":12},"fnMap":{"1":{"name":"(anonymous_1)","line":2,"loc":{"start":{"line":2,"column":44},"end":{"line":2,"column":89}}},"2":{"name":"(anonymous_2)","line":3,"loc":{"start":{"line":3,"column":36},"end":{"line":3,"column":63}}},"3":{"name":"fulfilled","line":4,"loc":{"start":{"line":4,"column":8},"end":{"line":4,"column":34}}},"4":{"name":"rejected","line":5,"loc":{"start":{"line":5,"column":8},"end":{"line":5,"column":33}}},"5":{"name":"step","line":6,"loc":{"start":{"line":6,"column":8},"end":{"line":6,"column":30}}},"6":{"name":"(anonymous_6)","line":6,"loc":{"start":{"line":6,"column":76},"end":{"line":6,"column":95}}},"7":{"name":"(anonymous_7)","line":16,"loc":{"start":{"line":16,"column":1},"end":{"line":16,"column":17}}},"8":{"name":"build","line":20,"loc":{"start":{"line":20,"column":0},"end":{"line":20,"column":17}}},"9":{"name":"override","line":29,"loc":{"start":{"line":29,"column":0},"end":{"line":29,"column":29}}},"10":{"name":"(anonymous_10)","line":30,"loc":{"start":{"line":30,"column":43},"end":{"line":30,"column":56}}}},"statementMap":{"1":{"start":{"line":2,"column":0},"end":{"line":9,"column":2}},"2":{"start":{"line":3,"column":4},"end":{"line":8,"column":7}},"3":{"start":{"line":4,"column":8},"end":{"line":4,"column":99}},"4":{"start":{"line":4,"column":36},"end":{"line":4,"column":97}},"5":{"start":{"line":4,"column":42},"end":{"line":4,"column":70}},"6":{"start":{"line":4,"column":85},"end":{"line":4,"column":95}},"7":{"start":{"line":5,"column":8},"end":{"line":5,"column":102}},"8":{"start":{"line":5,"column":35},"end":{"line":5,"column":100}},"9":{"start":{"line":5,"column":41},"end":{"line":5,"column":73}},"10":{"start":{"line":5,"column":88},"end":{"line":5,"column":98}},"11":{"start":{"line":6,"column":8},"end":{"line":6,"column":151}},"12":{"start":{"line":6,"column":32},"end":{"line":6,"column":149}},"13":{"start":{"line":6,"column":97},"end":{"line":6,"column":119}},"14":{"start":{"line":7,"column":8},"end":{"line":7,"column":78}},"15":{"start":{"line":10,"column":0},"end":{"line":10,"column":62}},"16":{"start":{"line":11,"column":0},"end":{"line":11,"column":33}},"17":{"start":{"line":12,"column":0},"end":{"line":12,"column":32}},"18":{"start":{"line":13,"column":0},"end":{"line":13,"column":25}},"19":{"start":{"line":14,"column":0},"end":{"line":14,"column":37}},"20":{"start":{"line":15,"column":0},"end":{"line":15,"column":9}},"21":{"start":{"line":16,"column":0},"end":{"line":19,"column":47}},"22":{"start":{"line":17,"column":4},"end":{"line":17,"column":24}},"23":{"start":{"line":18,"column":4},"end":{"line":18,"column":34}},"24":{"start":{"line":20,"column":0},"end":{"line":27,"column":1}},"25":{"start":{"line":21,"column":4},"end":{"line":21,"column":65}},"26":{"start":{"line":22,"column":4},"end":{"line":25,"column":6}},"27":{"start":{"line":28,"column":0},"end":{"line":28,"column":22}},"28":{"start":{"line":29,"column":0},"end":{"line":36,"column":1}},"29":{"start":{"line":30,"column":4},"end":{"line":35,"column":7}},"30":{"start":{"line":31,"column":8},"end":{"line":31,"column":69}},"31":{"start":{"line":32,"column":8},"end":{"line":34,"column":9}},"32":{"start":{"line":33,"column":12},"end":{"line":33,"column":51}},"33":{"start":{"line":37,"column":0},"end":{"line":37,"column":28}}},"branchMap":{"1":{"line":2,"type":"binary-expr","locations":[{"start":{"line":2,"column":17},"end":{"line":2,"column":21}},{"start":{"line":2,"column":25},"end":{"line":2,"column":39}},{"start":{"line":2,"column":44},"end":{"line":9,"column":1}}]},"2":{"line":3,"type":"binary-expr","locations":[{"start":{"line":3,"column":16},"end":{"line":3,"column":17}},{"start":{"line":3,"column":22},"end":{"line":3,"column":33}}]},"3":{"line":6,"type":"cond-expr","locations":[{"start":{"line":6,"column":46},"end":{"line":6,"column":67}},{"start":{"line":6,"column":70},"end":{"line":6,"column":148}}]},"4":{"line":7,"type":"binary-expr","locations":[{"start":{"line":7,"column":51},"end":{"line":7,"column":61}},{"start":{"line":7,"column":65},"end":{"line":7,"column":67}}]},"5":{"line":19,"type":"binary-expr","locations":[{"start":{"line":19,"column":10},"end":{"line":19,"column":22}},{"start":{"line":19,"column":27},"end":{"line":19,"column":44}}]}}},"/Users/rpeshkov/Developer/vscode-extensions/vscode-text-tables/out/src/commands.js":{"path":"/Users/rpeshkov/Developer/vscode-extensions/vscode-text-tables/out/src/commands.js","s":{"1":1,"2":35,"3":1,"4":13,"5":13,"6":0,"7":1,"8":0,"9":0,"10":0,"11":1,"12":48,"13":13,"14":35,"15":1,"16":1,"17":1,"18":1,"19":1,"20":2,"21":2,"22":6,"23":2,"24":2,"25":1,"26":2,"27":2,"28":2,"29":2,"30":2,"31":2,"32":2,"33":1,"34":1,"35":3,"36":3,"37":1,"38":1,"39":2,"40":1,"41":1,"42":3,"43":3,"44":1,"45":1,"46":2,"47":1,"48":1,"49":9,"50":9,"51":9,"52":9,"53":8,"54":8,"55":8,"56":1,"57":1,"58":1,"59":1,"60":6,"61":6,"62":6,"63":5,"64":1,"65":1,"66":20,"67":20,"68":20,"69":20,"70":20,"71":1,"72":1,"73":3,"74":3,"75":3,"76":0,"77":0,"78":3,"79":1,"80":1,"81":2,"82":2,"83":4,"84":4,"85":4,"86":4,"87":2,"88":2,"89":2,"90":1,"91":1,"92":3,"93":3,"94":3,"95":0,"96":0,"97":3,"98":1,"99":1,"100":2,"101":2,"102":4,"103":4,"104":4,"105":4,"106":2,"107":2,"108":2,"109":1,"110":1,"111":4,"112":4,"113":4,"114":4,"115":1,"116":1,"117":3,"118":3,"119":3,"120":1,"121":3,"122":1,"123":1,"124":2,"125":2,"126":2,"127":2,"128":1,"129":1,"130":3,"131":3,"132":2,"133":3,"134":3,"135":3,"136":3,"137":3,"138":3,"139":1,"140":1,"141":6,"142":6,"143":6,"144":6,"145":12,"146":12,"147":6,"148":6,"149":6,"150":6},"b":{"1":[1,1,1],"2":[35,35],"3":[35,13],"4":[35,35],"5":[1,1],"6":[1,2],"7":[1,2],"8":[8,1],"9":[5,1],"10":[0,3],"11":[1,2],"12":[0,3],"13":[1,2],"14":[1,3],"15":[1,2],"16":[1,2],"17":[2,1],"18":[3,0],"19":[6,6],"20":[12,12]},"f":{"1":35,"2":35,"3":13,"4":0,"5":48,"6":13,"7":2,"8":3,"9":3,"10":9,"11":9,"12":6,"13":20,"14":20,"15":3,"16":3,"17":3,"18":3,"19":4,"20":3,"21":6},"fnMap":{"1":{"name":"(anonymous_1)","line":2,"loc":{"start":{"line":2,"column":44},"end":{"line":2,"column":89}}},"2":{"name":"(anonymous_2)","line":3,"loc":{"start":{"line":3,"column":36},"end":{"line":3,"column":63}}},"3":{"name":"fulfilled","line":4,"loc":{"start":{"line":4,"column":8},"end":{"line":4,"column":34}}},"4":{"name":"rejected","line":5,"loc":{"start":{"line":5,"column":8},"end":{"line":5,"column":33}}},"5":{"name":"step","line":6,"loc":{"start":{"line":6,"column":8},"end":{"line":6,"column":30}}},"6":{"name":"(anonymous_6)","line":6,"loc":{"start":{"line":6,"column":76},"end":{"line":6,"column":95}}},"7":{"name":"createTable","line":17,"loc":{"start":{"line":17,"column":0},"end":{"line":17,"column":79}}},"8":{"name":"moveRowDown","line":41,"loc":{"start":{"line":41,"column":0},"end":{"line":41,"column":48}}},"9":{"name":"moveRowUp","line":53,"loc":{"start":{"line":53,"column":0},"end":{"line":53,"column":46}}},"10":{"name":"gotoNextCell","line":65,"loc":{"start":{"line":65,"column":0},"end":{"line":65,"column":58}}},"11":{"name":"(anonymous_11)","line":66,"loc":{"start":{"line":66,"column":43},"end":{"line":66,"column":56}}},"12":{"name":"gotoPreviousCell","line":83,"loc":{"start":{"line":83,"column":0},"end":{"line":83,"column":53}}},"13":{"name":"formatUnderCursor","line":94,"loc":{"start":{"line":94,"column":0},"end":{"line":94,"column":65}}},"14":{"name":"(anonymous_14)","line":95,"loc":{"start":{"line":95,"column":43},"end":{"line":95,"column":56}}},"15":{"name":"moveColRight","line":106,"loc":{"start":{"line":106,"column":0},"end":{"line":106,"column":60}}},"16":{"name":"(anonymous_16)","line":107,"loc":{"start":{"line":107,"column":43},"end":{"line":107,"column":56}}},"17":{"name":"moveColLeft","line":133,"loc":{"start":{"line":133,"column":0},"end":{"line":133,"column":59}}},"18":{"name":"(anonymous_18)","line":134,"loc":{"start":{"line":134,"column":43},"end":{"line":134,"column":56}}},"19":{"name":"clearCell","line":160,"loc":{"start":{"line":160,"column":0},"end":{"line":160,"column":41}}},"20":{"name":"nextRow","line":186,"loc":{"start":{"line":186,"column":0},"end":{"line":186,"column":56}}},"21":{"name":"rowColFromPosition","line":203,"loc":{"start":{"line":203,"column":0},"end":{"line":203,"column":45}}}},"statementMap":{"1":{"start":{"line":2,"column":0},"end":{"line":9,"column":2}},"2":{"start":{"line":3,"column":4},"end":{"line":8,"column":7}},"3":{"start":{"line":4,"column":8},"end":{"line":4,"column":99}},"4":{"start":{"line":4,"column":36},"end":{"line":4,"column":97}},"5":{"start":{"line":4,"column":42},"end":{"line":4,"column":70}},"6":{"start":{"line":4,"column":85},"end":{"line":4,"column":95}},"7":{"start":{"line":5,"column":8},"end":{"line":5,"column":102}},"8":{"start":{"line":5,"column":35},"end":{"line":5,"column":100}},"9":{"start":{"line":5,"column":41},"end":{"line":5,"column":73}},"10":{"start":{"line":5,"column":88},"end":{"line":5,"column":98}},"11":{"start":{"line":6,"column":8},"end":{"line":6,"column":151}},"12":{"start":{"line":6,"column":32},"end":{"line":6,"column":149}},"13":{"start":{"line":6,"column":97},"end":{"line":6,"column":119}},"14":{"start":{"line":7,"column":8},"end":{"line":7,"column":78}},"15":{"start":{"line":10,"column":0},"end":{"line":10,"column":62}},"16":{"start":{"line":11,"column":0},"end":{"line":11,"column":33}},"17":{"start":{"line":12,"column":0},"end":{"line":12,"column":39}},"18":{"start":{"line":13,"column":0},"end":{"line":13,"column":39}},"19":{"start":{"line":17,"column":0},"end":{"line":36,"column":1}},"20":{"start":{"line":18,"column":4},"end":{"line":18,"column":40}},"21":{"start":{"line":19,"column":4},"end":{"line":21,"column":5}},"22":{"start":{"line":20,"column":8},"end":{"line":20,"column":76}},"23":{"start":{"line":22,"column":4},"end":{"line":22,"column":53}},"24":{"start":{"line":24,"column":4},"end":{"line":26,"column":5}},"25":{"start":{"line":25,"column":8},"end":{"line":25,"column":45}},"26":{"start":{"line":25,"column":32},"end":{"line":25,"column":43}},"27":{"start":{"line":27,"column":4},"end":{"line":35,"column":7}},"28":{"start":{"line":28,"column":8},"end":{"line":28,"column":55}},"29":{"start":{"line":29,"column":8},"end":{"line":34,"column":11}},"30":{"start":{"line":30,"column":23},"end":{"line":30,"column":78}},"31":{"start":{"line":32,"column":12},"end":{"line":32,"column":86}},"32":{"start":{"line":33,"column":12},"end":{"line":33,"column":22}},"33":{"start":{"line":37,"column":0},"end":{"line":37,"column":34}},"34":{"start":{"line":41,"column":0},"end":{"line":48,"column":1}},"35":{"start":{"line":42,"column":4},"end":{"line":42,"column":63}},"36":{"start":{"line":43,"column":4},"end":{"line":46,"column":5}},"37":{"start":{"line":44,"column":8},"end":{"line":44,"column":68}},"38":{"start":{"line":45,"column":8},"end":{"line":45,"column":15}},"39":{"start":{"line":47,"column":4},"end":{"line":47,"column":72}},"40":{"start":{"line":49,"column":0},"end":{"line":49,"column":34}},"41":{"start":{"line":53,"column":0},"end":{"line":60,"column":1}},"42":{"start":{"line":54,"column":4},"end":{"line":54,"column":65}},"43":{"start":{"line":55,"column":4},"end":{"line":58,"column":5}},"44":{"start":{"line":56,"column":8},"end":{"line":56,"column":68}},"45":{"start":{"line":57,"column":8},"end":{"line":57,"column":15}},"46":{"start":{"line":59,"column":4},"end":{"line":59,"column":70}},"47":{"start":{"line":61,"column":0},"end":{"line":61,"column":30}},"48":{"start":{"line":65,"column":0},"end":{"line":78,"column":1}},"49":{"start":{"line":66,"column":4},"end":{"line":77,"column":7}},"50":{"start":{"line":67,"column":8},"end":{"line":67,"column":56}},"51":{"start":{"line":68,"column":8},"end":{"line":68,"column":60}},"52":{"start":{"line":69,"column":8},"end":{"line":76,"column":9}},"53":{"start":{"line":70,"column":12},"end":{"line":70,"column":93}},"54":{"start":{"line":70,"column":35},"end":{"line":70,"column":91}},"55":{"start":{"line":71,"column":12},"end":{"line":71,"column":68}},"56":{"start":{"line":74,"column":12},"end":{"line":74,"column":88}},"57":{"start":{"line":75,"column":12},"end":{"line":75,"column":67}},"58":{"start":{"line":79,"column":0},"end":{"line":79,"column":36}},"59":{"start":{"line":83,"column":0},"end":{"line":89,"column":1}},"60":{"start":{"line":84,"column":4},"end":{"line":84,"column":52}},"61":{"start":{"line":85,"column":4},"end":{"line":85,"column":60}},"62":{"start":{"line":86,"column":4},"end":{"line":88,"column":5}},"63":{"start":{"line":87,"column":8},"end":{"line":87,"column":64}},"64":{"start":{"line":90,"column":0},"end":{"line":90,"column":44}},"65":{"start":{"line":94,"column":0},"end":{"line":101,"column":1}},"66":{"start":{"line":95,"column":4},"end":{"line":100,"column":7}},"67":{"start":{"line":96,"column":8},"end":{"line":96,"column":53}},"68":{"start":{"line":97,"column":8},"end":{"line":97,"column":47}},"69":{"start":{"line":98,"column":8},"end":{"line":98,"column":34}},"70":{"start":{"line":99,"column":8},"end":{"line":99,"column":66}},"71":{"start":{"line":102,"column":0},"end":{"line":102,"column":46}},"72":{"start":{"line":106,"column":0},"end":{"line":128,"column":1}},"73":{"start":{"line":107,"column":4},"end":{"line":127,"column":7}},"74":{"start":{"line":108,"column":8},"end":{"line":108,"column":73}},"75":{"start":{"line":109,"column":8},"end":{"line":112,"column":9}},"76":{"start":{"line":110,"column":12},"end":{"line":110,"column":72}},"77":{"start":{"line":111,"column":12},"end":{"line":111,"column":19}},"78":{"start":{"line":113,"column":8},"end":{"line":116,"column":9}},"79":{"start":{"line":114,"column":12},"end":{"line":114,"column":81}},"80":{"start":{"line":115,"column":12},"end":{"line":115,"column":19}},"81":{"start":{"line":117,"column":8},"end":{"line":117,"column":116}},"82":{"start":{"line":118,"column":8},"end":{"line":123,"column":11}},"83":{"start":{"line":119,"column":12},"end":{"line":119,"column":50}},"84":{"start":{"line":120,"column":12},"end":{"line":120,"column":54}},"85":{"start":{"line":121,"column":12},"end":{"line":121,"column":47}},"86":{"start":{"line":122,"column":12},"end":{"line":122,"column":43}},"87":{"start":{"line":124,"column":8},"end":{"line":124,"column":53}},"88":{"start":{"line":125,"column":8},"end":{"line":125,"column":34}},"89":{"start":{"line":126,"column":8},"end":{"line":126,"column":62}},"90":{"start":{"line":129,"column":0},"end":{"line":129,"column":36}},"91":{"start":{"line":133,"column":0},"end":{"line":155,"column":1}},"92":{"start":{"line":134,"column":4},"end":{"line":154,"column":7}},"93":{"start":{"line":135,"column":8},"end":{"line":135,"column":73}},"94":{"start":{"line":136,"column":8},"end":{"line":139,"column":9}},"95":{"start":{"line":137,"column":12},"end":{"line":137,"column":72}},"96":{"start":{"line":138,"column":12},"end":{"line":138,"column":19}},"97":{"start":{"line":140,"column":8},"end":{"line":143,"column":9}},"98":{"start":{"line":141,"column":12},"end":{"line":141,"column":80}},"99":{"start":{"line":142,"column":12},"end":{"line":142,"column":19}},"100":{"start":{"line":144,"column":8},"end":{"line":144,"column":116}},"101":{"start":{"line":145,"column":8},"end":{"line":150,"column":11}},"102":{"start":{"line":146,"column":12},"end":{"line":146,"column":50}},"103":{"start":{"line":147,"column":12},"end":{"line":147,"column":54}},"104":{"start":{"line":148,"column":12},"end":{"line":148,"column":47}},"105":{"start":{"line":149,"column":12},"end":{"line":149,"column":43}},"106":{"start":{"line":151,"column":8},"end":{"line":151,"column":53}},"107":{"start":{"line":152,"column":8},"end":{"line":152,"column":34}},"108":{"start":{"line":153,"column":8},"end":{"line":153,"column":56}},"109":{"start":{"line":156,"column":0},"end":{"line":156,"column":34}},"110":{"start":{"line":160,"column":0},"end":{"line":181,"column":1}},"111":{"start":{"line":161,"column":4},"end":{"line":161,"column":37}},"112":{"start":{"line":162,"column":4},"end":{"line":162,"column":58}},"113":{"start":{"line":163,"column":4},"end":{"line":163,"column":59}},"114":{"start":{"line":164,"column":4},"end":{"line":167,"column":5}},"115":{"start":{"line":165,"column":8},"end":{"line":165,"column":72}},"116":{"start":{"line":166,"column":8},"end":{"line":166,"column":15}},"117":{"start":{"line":168,"column":4},"end":{"line":168,"column":100}},"118":{"start":{"line":169,"column":4},"end":{"line":169,"column":91}},"119":{"start":{"line":170,"column":4},"end":{"line":172,"column":5}},"120":{"start":{"line":171,"column":8},"end":{"line":171,"column":59}},"121":{"start":{"line":173,"column":4},"end":{"line":176,"column":5}},"122":{"start":{"line":174,"column":8},"end":{"line":174,"column":72}},"123":{"start":{"line":175,"column":8},"end":{"line":175,"column":15}},"124":{"start":{"line":177,"column":4},"end":{"line":177,"column":108}},"125":{"start":{"line":178,"column":4},"end":{"line":178,"column":72}},"126":{"start":{"line":179,"column":4},"end":{"line":179,"column":79}},"127":{"start":{"line":180,"column":4},"end":{"line":180,"column":60}},"128":{"start":{"line":182,"column":0},"end":{"line":182,"column":30}},"129":{"start":{"line":186,"column":0},"end":{"line":201,"column":1}},"130":{"start":{"line":187,"column":4},"end":{"line":187,"column":69}},"131":{"start":{"line":188,"column":4},"end":{"line":190,"column":5}},"132":{"start":{"line":189,"column":8},"end":{"line":189,"column":84}},"133":{"start":{"line":193,"column":4},"end":{"line":200,"column":7}},"134":{"start":{"line":193,"column":21},"end":{"line":193,"column":67}},"135":{"start":{"line":195,"column":8},"end":{"line":195,"column":56}},"136":{"start":{"line":196,"column":8},"end":{"line":196,"column":63}},"137":{"start":{"line":197,"column":8},"end":{"line":199,"column":9}},"138":{"start":{"line":198,"column":12},"end":{"line":198,"column":76}},"139":{"start":{"line":202,"column":0},"end":{"line":202,"column":26}},"140":{"start":{"line":203,"column":0},"end":{"line":216,"column":1}},"141":{"start":{"line":204,"column":4},"end":{"line":204,"column":40}},"142":{"start":{"line":205,"column":4},"end":{"line":205,"column":49}},"143":{"start":{"line":206,"column":4},"end":{"line":206,"column":20}},"144":{"start":{"line":207,"column":4},"end":{"line":214,"column":5}},"145":{"start":{"line":208,"column":8},"end":{"line":208,"column":34}},"146":{"start":{"line":209,"column":8},"end":{"line":212,"column":9}},"147":{"start":{"line":210,"column":12},"end":{"line":210,"column":27}},"148":{"start":{"line":211,"column":12},"end":{"line":211,"column":18}},"149":{"start":{"line":213,"column":8},"end":{"line":213,"column":33}},"150":{"start":{"line":215,"column":4},"end":{"line":215,"column":18}}},"branchMap":{"1":{"line":2,"type":"binary-expr","locations":[{"start":{"line":2,"column":17},"end":{"line":2,"column":21}},{"start":{"line":2,"column":25},"end":{"line":2,"column":39}},{"start":{"line":2,"column":44},"end":{"line":9,"column":1}}]},"2":{"line":3,"type":"binary-expr","locations":[{"start":{"line":3,"column":16},"end":{"line":3,"column":17}},{"start":{"line":3,"column":22},"end":{"line":3,"column":33}}]},"3":{"line":6,"type":"cond-expr","locations":[{"start":{"line":6,"column":46},"end":{"line":6,"column":67}},{"start":{"line":6,"column":70},"end":{"line":6,"column":148}}]},"4":{"line":7,"type":"binary-expr","locations":[{"start":{"line":7,"column":51},"end":{"line":7,"column":61}},{"start":{"line":7,"column":65},"end":{"line":7,"column":67}}]},"5":{"line":24,"type":"if","locations":[{"start":{"line":24,"column":4},"end":{"line":24,"column":4}},{"start":{"line":24,"column":4},"end":{"line":24,"column":4}}]},"6":{"line":43,"type":"if","locations":[{"start":{"line":43,"column":4},"end":{"line":43,"column":4}},{"start":{"line":43,"column":4},"end":{"line":43,"column":4}}]},"7":{"line":55,"type":"if","locations":[{"start":{"line":55,"column":4},"end":{"line":55,"column":4}},{"start":{"line":55,"column":4},"end":{"line":55,"column":4}}]},"8":{"line":69,"type":"if","locations":[{"start":{"line":69,"column":8},"end":{"line":69,"column":8}},{"start":{"line":69,"column":8},"end":{"line":69,"column":8}}]},"9":{"line":86,"type":"if","locations":[{"start":{"line":86,"column":4},"end":{"line":86,"column":4}},{"start":{"line":86,"column":4},"end":{"line":86,"column":4}}]},"10":{"line":109,"type":"if","locations":[{"start":{"line":109,"column":8},"end":{"line":109,"column":8}},{"start":{"line":109,"column":8},"end":{"line":109,"column":8}}]},"11":{"line":113,"type":"if","locations":[{"start":{"line":113,"column":8},"end":{"line":113,"column":8}},{"start":{"line":113,"column":8},"end":{"line":113,"column":8}}]},"12":{"line":136,"type":"if","locations":[{"start":{"line":136,"column":8},"end":{"line":136,"column":8}},{"start":{"line":136,"column":8},"end":{"line":136,"column":8}}]},"13":{"line":140,"type":"if","locations":[{"start":{"line":140,"column":8},"end":{"line":140,"column":8}},{"start":{"line":140,"column":8},"end":{"line":140,"column":8}}]},"14":{"line":164,"type":"if","locations":[{"start":{"line":164,"column":4},"end":{"line":164,"column":4}},{"start":{"line":164,"column":4},"end":{"line":164,"column":4}}]},"15":{"line":170,"type":"if","locations":[{"start":{"line":170,"column":4},"end":{"line":170,"column":4}},{"start":{"line":170,"column":4},"end":{"line":170,"column":4}}]},"16":{"line":173,"type":"if","locations":[{"start":{"line":173,"column":4},"end":{"line":173,"column":4}},{"start":{"line":173,"column":4},"end":{"line":173,"column":4}}]},"17":{"line":188,"type":"if","locations":[{"start":{"line":188,"column":4},"end":{"line":188,"column":4}},{"start":{"line":188,"column":4},"end":{"line":188,"column":4}}]},"18":{"line":197,"type":"if","locations":[{"start":{"line":197,"column":8},"end":{"line":197,"column":8}},{"start":{"line":197,"column":8},"end":{"line":197,"column":8}}]},"19":{"line":209,"type":"if","locations":[{"start":{"line":209,"column":8},"end":{"line":209,"column":8}},{"start":{"line":209,"column":8},"end":{"line":209,"column":8}}]},"20":{"line":209,"type":"binary-expr","locations":[{"start":{"line":209,"column":12},"end":{"line":209,"column":41}},{"start":{"line":209,"column":45},"end":{"line":209,"column":89}}]}}},"/Users/rpeshkov/Developer/vscode-extensions/vscode-text-tables/out/src/ttTable.js":{"path":"/Users/rpeshkov/Developer/vscode-extensions/vscode-text-tables/out/src/ttTable.js","s":{"1":1,"2":1,"3":1,"4":1,"5":1,"6":1,"7":1,"8":1,"9":1,"10":1,"11":1,"12":1,"13":58,"14":58,"15":58,"16":58,"17":147,"18":147,"19":105,"20":147,"21":173,"22":173,"23":173,"24":37,"25":147,"26":281,"27":147,"28":147,"29":21,"30":84,"31":18,"32":2,"33":18,"34":1,"35":164,"36":164,"37":164,"38":137,"39":137,"40":27,"41":27,"42":27,"43":15,"44":18,"45":8,"46":10,"47":3,"48":9,"49":3,"50":0,"51":3,"52":23,"53":84,"54":23,"55":21,"56":21,"57":18,"58":4,"59":1,"60":3,"61":17,"62":5,"63":2,"64":3,"65":27,"66":27,"67":27,"68":27,"69":55,"70":55,"71":55,"72":27,"73":27,"74":97,"75":97,"76":97,"77":29,"78":29,"79":29,"80":29,"81":29,"82":68,"83":135,"84":135,"85":135,"86":135,"87":135,"88":27,"89":1},"b":{"1":[1,1],"2":[1,1],"3":[7,166],"4":[2,16],"5":[137,27],"6":[0,3],"7":[21,2],"8":[18,3],"9":[4,14],"10":[1,3],"11":[2,3],"12":[29,68],"13":[29,0]},"f":{"1":1,"2":1,"3":58,"4":147,"5":21,"6":84,"7":18,"8":164,"9":27,"10":15,"11":8,"12":3,"13":23,"14":27},"fnMap":{"1":{"name":"(anonymous_1)","line":5,"loc":{"start":{"line":5,"column":1},"end":{"line":5,"column":20}}},"2":{"name":"(anonymous_2)","line":11,"loc":{"start":{"line":11,"column":1},"end":{"line":11,"column":22}}},"3":{"name":"(anonymous_3)","line":17,"loc":{"start":{"line":17,"column":15},"end":{"line":17,"column":18}}},"4":{"name":"(anonymous_4)","line":26,"loc":{"start":{"line":26,"column":10},"end":{"line":26,"column":25}}},"5":{"name":"(anonymous_5)","line":42,"loc":{"start":{"line":42,"column":9},"end":{"line":42,"column":20}}},"6":{"name":"(anonymous_6)","line":45,"loc":{"start":{"line":45,"column":10},"end":{"line":45,"column":16}}},"7":{"name":"(anonymous_7)","line":48,"loc":{"start":{"line":48,"column":9},"end":{"line":48,"column":27}}},"8":{"name":"(anonymous_8)","line":57,"loc":{"start":{"line":57,"column":15},"end":{"line":57,"column":47}}},"9":{"name":"(anonymous_9)","line":67,"loc":{"start":{"line":67,"column":15},"end":{"line":67,"column":23}}},"10":{"name":"(anonymous_10)","line":72,"loc":{"start":{"line":72,"column":12},"end":{"line":72,"column":29}}},"11":{"name":"(anonymous_11)","line":75,"loc":{"start":{"line":75,"column":16},"end":{"line":75,"column":33}}},"12":{"name":"(anonymous_12)","line":78,"loc":{"start":{"line":78,"column":11},"end":{"line":78,"column":28}}},"13":{"name":"(anonymous_13)","line":85,"loc":{"start":{"line":85,"column":8},"end":{"line":85,"column":36}}},"14":{"name":"(anonymous_14)","line":107,"loc":{"start":{"line":107,"column":22},"end":{"line":107,"column":25}}}},"statementMap":{"1":{"start":{"line":2,"column":0},"end":{"line":2,"column":62}},"2":{"start":{"line":3,"column":0},"end":{"line":3,"column":33}},"3":{"start":{"line":4,"column":0},"end":{"line":4,"column":12}},"4":{"start":{"line":5,"column":0},"end":{"line":9,"column":56}},"5":{"start":{"line":6,"column":4},"end":{"line":6,"column":48}},"6":{"start":{"line":7,"column":4},"end":{"line":7,"column":52}},"7":{"start":{"line":8,"column":4},"end":{"line":8,"column":42}},"8":{"start":{"line":10,"column":0},"end":{"line":10,"column":14}},"9":{"start":{"line":11,"column":0},"end":{"line":15,"column":62}},"10":{"start":{"line":12,"column":4},"end":{"line":12,"column":46}},"11":{"start":{"line":13,"column":4},"end":{"line":13,"column":50}},"12":{"start":{"line":14,"column":4},"end":{"line":14,"column":48}},"13":{"start":{"line":21,"column":8},"end":{"line":21,"column":27}},"14":{"start":{"line":22,"column":8},"end":{"line":22,"column":23}},"15":{"start":{"line":23,"column":8},"end":{"line":23,"column":23}},"16":{"start":{"line":24,"column":8},"end":{"line":24,"column":23}},"17":{"start":{"line":27,"column":8},"end":{"line":27,"column":59}},"18":{"start":{"line":28,"column":8},"end":{"line":30,"column":9}},"19":{"start":{"line":29,"column":12},"end":{"line":29,"column":68}},"20":{"start":{"line":31,"column":8},"end":{"line":37,"column":9}},"21":{"start":{"line":32,"column":12},"end":{"line":32,"column":71}},"22":{"start":{"line":33,"column":12},"end":{"line":33,"column":63}},"23":{"start":{"line":34,"column":12},"end":{"line":36,"column":13}},"24":{"start":{"line":35,"column":16},"end":{"line":35,"column":34}},"25":{"start":{"line":38,"column":8},"end":{"line":38,"column":89}},"26":{"start":{"line":38,"column":38},"end":{"line":38,"column":87}},"27":{"start":{"line":39,"column":8},"end":{"line":39,"column":33}},"28":{"start":{"line":40,"column":8},"end":{"line":40,"column":31}},"29":{"start":{"line":43,"column":8},"end":{"line":43,"column":35}},"30":{"start":{"line":46,"column":8},"end":{"line":46,"column":30}},"31":{"start":{"line":49,"column":8},"end":{"line":51,"column":9}},"32":{"start":{"line":50,"column":12},"end":{"line":50,"column":48}},"33":{"start":{"line":52,"column":8},"end":{"line":52,"column":36}},"34":{"start":{"line":55,"column":0},"end":{"line":55,"column":22}},"35":{"start":{"line":58,"column":8},"end":{"line":58,"column":39}},"36":{"start":{"line":59,"column":8},"end":{"line":59,"column":50}},"37":{"start":{"line":60,"column":8},"end":{"line":63,"column":9}},"38":{"start":{"line":61,"column":12},"end":{"line":61,"column":29}},"39":{"start":{"line":62,"column":12},"end":{"line":62,"column":29}},"40":{"start":{"line":68,"column":8},"end":{"line":68,"column":27}},"41":{"start":{"line":69,"column":8},"end":{"line":69,"column":32}},"42":{"start":{"line":70,"column":8},"end":{"line":70,"column":55}},"43":{"start":{"line":73,"column":8},"end":{"line":73,"column":54}},"44":{"start":{"line":73,"column":46},"end":{"line":73,"column":52}},"45":{"start":{"line":76,"column":8},"end":{"line":76,"column":54}},"46":{"start":{"line":76,"column":46},"end":{"line":76,"column":52}},"47":{"start":{"line":79,"column":8},"end":{"line":79,"column":104}},"48":{"start":{"line":79,"column":57},"end":{"line":79,"column":102}},"49":{"start":{"line":80,"column":8},"end":{"line":82,"column":9}},"50":{"start":{"line":81,"column":12},"end":{"line":81,"column":29}},"51":{"start":{"line":83,"column":8},"end":{"line":83,"column":55}},"52":{"start":{"line":86,"column":8},"end":{"line":86,"column":82}},"53":{"start":{"line":86,"column":47},"end":{"line":86,"column":80}},"54":{"start":{"line":87,"column":8},"end":{"line":98,"column":9}},"55":{"start":{"line":88,"column":12},"end":{"line":88,"column":32}},"56":{"start":{"line":89,"column":12},"end":{"line":97,"column":13}},"57":{"start":{"line":90,"column":16},"end":{"line":95,"column":17}},"58":{"start":{"line":91,"column":20},"end":{"line":93,"column":21}},"59":{"start":{"line":92,"column":24},"end":{"line":92,"column":41}},"60":{"start":{"line":94,"column":20},"end":{"line":94,"column":40}},"61":{"start":{"line":96,"column":16},"end":{"line":96,"column":55}},"62":{"start":{"line":100,"column":8},"end":{"line":105,"column":9}},"63":{"start":{"line":101,"column":12},"end":{"line":101,"column":51}},"64":{"start":{"line":104,"column":12},"end":{"line":104,"column":29}},"65":{"start":{"line":108,"column":8},"end":{"line":108,"column":26}},"66":{"start":{"line":109,"column":8},"end":{"line":109,"column":30}},"67":{"start":{"line":110,"column":8},"end":{"line":110,"column":27}},"68":{"start":{"line":111,"column":8},"end":{"line":115,"column":25}},"69":{"start":{"line":112,"column":12},"end":{"line":112,"column":54}},"70":{"start":{"line":113,"column":12},"end":{"line":113,"column":35}},"71":{"start":{"line":114,"column":12},"end":{"line":114,"column":25}},"72":{"start":{"line":117,"column":8},"end":{"line":117,"column":42}},"73":{"start":{"line":118,"column":8},"end":{"line":140,"column":9}},"74":{"start":{"line":119,"column":12},"end":{"line":119,"column":43}},"75":{"start":{"line":120,"column":12},"end":{"line":120,"column":53}},"76":{"start":{"line":121,"column":12},"end":{"line":139,"column":13}},"77":{"start":{"line":122,"column":16},"end":{"line":122,"column":61}},"78":{"start":{"line":124,"column":16},"end":{"line":126,"column":54}},"79":{"start":{"line":127,"column":16},"end":{"line":127,"column":47}},"80":{"start":{"line":128,"column":16},"end":{"line":128,"column":78}},"81":{"start":{"line":129,"column":16},"end":{"line":129,"column":36}},"82":{"start":{"line":132,"column":16},"end":{"line":138,"column":17}},"83":{"start":{"line":133,"column":20},"end":{"line":133,"column":65}},"84":{"start":{"line":134,"column":20},"end":{"line":134,"column":79}},"85":{"start":{"line":135,"column":20},"end":{"line":135,"column":77}},"86":{"start":{"line":136,"column":20},"end":{"line":136,"column":83}},"87":{"start":{"line":137,"column":20},"end":{"line":137,"column":40}},"88":{"start":{"line":141,"column":8},"end":{"line":141,"column":22}},"89":{"start":{"line":144,"column":0},"end":{"line":144,"column":40}}},"branchMap":{"1":{"line":9,"type":"binary-expr","locations":[{"start":{"line":9,"column":13},"end":{"line":9,"column":28}},{"start":{"line":9,"column":33},"end":{"line":9,"column":53}}]},"2":{"line":15,"type":"binary-expr","locations":[{"start":{"line":15,"column":15},"end":{"line":15,"column":32}},{"start":{"line":15,"column":37},"end":{"line":15,"column":59}}]},"3":{"line":32,"type":"cond-expr","locations":[{"start":{"line":32,"column":58},"end":{"line":32,"column":61}},{"start":{"line":32,"column":64},"end":{"line":32,"column":70}}]},"4":{"line":49,"type":"if","locations":[{"start":{"line":49,"column":8},"end":{"line":49,"column":8}},{"start":{"line":49,"column":8},"end":{"line":49,"column":8}}]},"5":{"line":60,"type":"if","locations":[{"start":{"line":60,"column":8},"end":{"line":60,"column":8}},{"start":{"line":60,"column":8},"end":{"line":60,"column":8}}]},"6":{"line":80,"type":"if","locations":[{"start":{"line":80,"column":8},"end":{"line":80,"column":8}},{"start":{"line":80,"column":8},"end":{"line":80,"column":8}}]},"7":{"line":87,"type":"if","locations":[{"start":{"line":87,"column":8},"end":{"line":87,"column":8}},{"start":{"line":87,"column":8},"end":{"line":87,"column":8}}]},"8":{"line":89,"type":"if","locations":[{"start":{"line":89,"column":12},"end":{"line":89,"column":12}},{"start":{"line":89,"column":12},"end":{"line":89,"column":12}}]},"9":{"line":90,"type":"if","locations":[{"start":{"line":90,"column":16},"end":{"line":90,"column":16}},{"start":{"line":90,"column":16},"end":{"line":90,"column":16}}]},"10":{"line":91,"type":"if","locations":[{"start":{"line":91,"column":20},"end":{"line":91,"column":20}},{"start":{"line":91,"column":20},"end":{"line":91,"column":20}}]},"11":{"line":100,"type":"if","locations":[{"start":{"line":100,"column":8},"end":{"line":100,"column":8}},{"start":{"line":100,"column":8},"end":{"line":100,"column":8}}]},"12":{"line":121,"type":"if","locations":[{"start":{"line":121,"column":12},"end":{"line":121,"column":12}},{"start":{"line":121,"column":12},"end":{"line":121,"column":12}}]},"13":{"line":124,"type":"cond-expr","locations":[{"start":{"line":125,"column":22},"end":{"line":125,"column":42}},{"start":{"line":126,"column":22},"end":{"line":126,"column":53}}]}}},"/Users/rpeshkov/Developer/vscode-extensions/vscode-text-tables/out/src/ttMarkdown.js":{"path":"/Users/rpeshkov/Developer/vscode-extensions/vscode-text-tables/out/src/ttMarkdown.js","s":{"1":1,"2":1,"3":1,"4":1,"5":1,"6":1,"7":8,"8":1,"9":7,"10":7,"11":9,"12":9,"13":7,"14":8,"15":8,"16":3,"17":3,"18":3,"19":3,"20":3,"21":3,"22":2,"23":1,"24":1,"25":1,"26":0,"27":0,"28":0,"29":1,"30":1,"31":1,"32":0,"33":3,"34":5,"35":5,"36":11,"37":5,"38":7,"39":7,"40":3,"41":3,"42":7,"43":12,"44":12,"45":1,"46":4,"47":2,"48":2,"49":6,"50":6,"51":6,"52":6,"53":6,"54":6,"55":2,"56":4,"57":10,"58":10,"59":2,"60":5,"61":5,"62":5,"63":5,"64":1,"65":1,"66":6,"67":2,"68":4,"69":4,"70":4,"71":1,"72":1,"73":1,"74":1,"75":1,"76":3,"77":1,"78":0,"79":1,"80":1,"81":1,"82":1},"b":{"1":[1,7],"2":[8,7],"3":[3,5],"4":[3,0],"5":[1,2],"6":[2,1],"7":[0,1],"8":[0,0],"9":[1,0],"10":[4,1],"11":[3,4],"12":[12,9],"13":[6,0],"14":[0,5],"15":[0,5],"16":[2,4],"17":[6,5],"18":[0,1]},"f":{"1":8,"2":12,"3":4,"4":2,"5":4,"6":2,"7":1},"fnMap":{"1":{"name":"(anonymous_1)","line":9,"loc":{"start":{"line":9,"column":9},"end":{"line":9,"column":16}}},"2":{"name":"(anonymous_2)","line":58,"loc":{"start":{"line":58,"column":18},"end":{"line":58,"column":25}}},"3":{"name":"(anonymous_3)","line":65,"loc":{"start":{"line":65,"column":15},"end":{"line":65,"column":18}}},"4":{"name":"(anonymous_4)","line":71,"loc":{"start":{"line":71,"column":13},"end":{"line":71,"column":21}}},"5":{"name":"(anonymous_5)","line":84,"loc":{"start":{"line":84,"column":18},"end":{"line":84,"column":25}}},"6":{"name":"(anonymous_6)","line":90,"loc":{"start":{"line":90,"column":20},"end":{"line":90,"column":27}}},"7":{"name":"(anonymous_7)","line":105,"loc":{"start":{"line":105,"column":10},"end":{"line":105,"column":27}}}},"statementMap":{"1":{"start":{"line":2,"column":0},"end":{"line":2,"column":62}},"2":{"start":{"line":3,"column":0},"end":{"line":3,"column":32}},"3":{"start":{"line":4,"column":0},"end":{"line":4,"column":33}},"4":{"start":{"line":5,"column":0},"end":{"line":5,"column":39}},"5":{"start":{"line":6,"column":0},"end":{"line":6,"column":30}},"6":{"start":{"line":7,"column":0},"end":{"line":7,"column":32}},"7":{"start":{"line":10,"column":8},"end":{"line":12,"column":9}},"8":{"start":{"line":11,"column":12},"end":{"line":11,"column":29}},"9":{"start":{"line":13,"column":8},"end":{"line":13,"column":38}},"10":{"start":{"line":14,"column":8},"end":{"line":14,"column":105}},"11":{"start":{"line":14,"column":50},"end":{"line":14,"column":58}},"12":{"start":{"line":14,"column":72},"end":{"line":14,"column":103}},"13":{"start":{"line":15,"column":8},"end":{"line":52,"column":9}},"14":{"start":{"line":16,"column":12},"end":{"line":16,"column":56}},"15":{"start":{"line":17,"column":12},"end":{"line":45,"column":13}},"16":{"start":{"line":18,"column":16},"end":{"line":18,"column":56}},"17":{"start":{"line":19,"column":16},"end":{"line":19,"column":87}},"18":{"start":{"line":20,"column":16},"end":{"line":20,"column":108}},"19":{"start":{"line":21,"column":16},"end":{"line":21,"column":86}},"20":{"start":{"line":22,"column":16},"end":{"line":43,"column":19}},"21":{"start":{"line":23,"column":20},"end":{"line":25,"column":21}},"22":{"start":{"line":24,"column":24},"end":{"line":24,"column":31}},"23":{"start":{"line":26,"column":20},"end":{"line":26,"column":48}},"24":{"start":{"line":27,"column":20},"end":{"line":27,"column":50}},"25":{"start":{"line":28,"column":20},"end":{"line":35,"column":21}},"26":{"start":{"line":29,"column":24},"end":{"line":34,"column":25}},"27":{"start":{"line":30,"column":28},"end":{"line":30,"column":56}},"28":{"start":{"line":33,"column":28},"end":{"line":33,"column":55}},"29":{"start":{"line":36,"column":20},"end":{"line":36,"column":47}},"30":{"start":{"line":37,"column":20},"end":{"line":42,"column":21}},"31":{"start":{"line":38,"column":24},"end":{"line":38,"column":46}},"32":{"start":{"line":41,"column":24},"end":{"line":41,"column":73}},"33":{"start":{"line":44,"column":16},"end":{"line":44,"column":25}},"34":{"start":{"line":46,"column":12},"end":{"line":46,"column":81}},"35":{"start":{"line":47,"column":12},"end":{"line":50,"column":36}},"36":{"start":{"line":50,"column":26},"end":{"line":50,"column":34}},"37":{"start":{"line":51,"column":12},"end":{"line":51,"column":51}},"38":{"start":{"line":53,"column":8},"end":{"line":55,"column":9}},"39":{"start":{"line":53,"column":34},"end":{"line":53,"column":72}},"40":{"start":{"line":54,"column":12},"end":{"line":54,"column":69}},"41":{"start":{"line":54,"column":37},"end":{"line":54,"column":67}},"42":{"start":{"line":56,"column":8},"end":{"line":56,"column":22}},"43":{"start":{"line":59,"column":8},"end":{"line":59,"column":49}},"44":{"start":{"line":60,"column":8},"end":{"line":60,"column":69}},"45":{"start":{"line":63,"column":0},"end":{"line":63,"column":40}},"46":{"start":{"line":66,"column":8},"end":{"line":69,"column":11}},"47":{"start":{"line":72,"column":8},"end":{"line":72,"column":26}},"48":{"start":{"line":73,"column":8},"end":{"line":81,"column":9}},"49":{"start":{"line":74,"column":12},"end":{"line":74,"column":31}},"50":{"start":{"line":75,"column":12},"end":{"line":75,"column":44}},"51":{"start":{"line":76,"column":12},"end":{"line":76,"column":66}},"52":{"start":{"line":77,"column":12},"end":{"line":79,"column":13}},"53":{"start":{"line":78,"column":16},"end":{"line":78,"column":83}},"54":{"start":{"line":80,"column":12},"end":{"line":80,"column":35}},"55":{"start":{"line":82,"column":8},"end":{"line":82,"column":33}},"56":{"start":{"line":85,"column":8},"end":{"line":88,"column":10}},"57":{"start":{"line":86,"column":12},"end":{"line":86,"column":69}},"58":{"start":{"line":87,"column":12},"end":{"line":87,"column":62}},"59":{"start":{"line":91,"column":8},"end":{"line":100,"column":10}},"60":{"start":{"line":92,"column":12},"end":{"line":94,"column":23}},"61":{"start":{"line":95,"column":12},"end":{"line":97,"column":43}},"62":{"start":{"line":98,"column":12},"end":{"line":98,"column":75}},"63":{"start":{"line":99,"column":12},"end":{"line":99,"column":50}},"64":{"start":{"line":103,"column":0},"end":{"line":103,"column":50}},"65":{"start":{"line":106,"column":8},"end":{"line":113,"column":10}},"66":{"start":{"line":107,"column":12},"end":{"line":109,"column":13}},"67":{"start":{"line":108,"column":16},"end":{"line":108,"column":29}},"68":{"start":{"line":110,"column":12},"end":{"line":110,"column":84}},"69":{"start":{"line":111,"column":12},"end":{"line":111,"column":67}},"70":{"start":{"line":112,"column":12},"end":{"line":112,"column":37}},"71":{"start":{"line":114,"column":8},"end":{"line":114,"column":27}},"72":{"start":{"line":115,"column":8},"end":{"line":117,"column":9}},"73":{"start":{"line":116,"column":12},"end":{"line":116,"column":20}},"74":{"start":{"line":118,"column":8},"end":{"line":118,"column":25}},"75":{"start":{"line":119,"column":8},"end":{"line":121,"column":9}},"76":{"start":{"line":120,"column":12},"end":{"line":120,"column":18}},"77":{"start":{"line":122,"column":8},"end":{"line":124,"column":9}},"78":{"start":{"line":123,"column":12},"end":{"line":123,"column":29}},"79":{"start":{"line":125,"column":8},"end":{"line":125,"column":62}},"80":{"start":{"line":126,"column":8},"end":{"line":126,"column":56}},"81":{"start":{"line":127,"column":8},"end":{"line":127,"column":50}},"82":{"start":{"line":130,"column":0},"end":{"line":130,"column":42}}},"branchMap":{"1":{"line":10,"type":"if","locations":[{"start":{"line":10,"column":8},"end":{"line":10,"column":8}},{"start":{"line":10,"column":8},"end":{"line":10,"column":8}}]},"2":{"line":10,"type":"binary-expr","locations":[{"start":{"line":10,"column":12},"end":{"line":10,"column":17}},{"start":{"line":10,"column":21},"end":{"line":10,"column":38}}]},"3":{"line":17,"type":"if","locations":[{"start":{"line":17,"column":12},"end":{"line":17,"column":12}},{"start":{"line":17,"column":12},"end":{"line":17,"column":12}}]},"4":{"line":19,"type":"cond-expr","locations":[{"start":{"line":19,"column":81},"end":{"line":19,"column":82}},{"start":{"line":19,"column":85},"end":{"line":19,"column":86}}]},"5":{"line":20,"type":"cond-expr","locations":[{"start":{"line":20,"column":101},"end":{"line":20,"column":102}},{"start":{"line":20,"column":105},"end":{"line":20,"column":106}}]},"6":{"line":23,"type":"if","locations":[{"start":{"line":23,"column":20},"end":{"line":23,"column":20}},{"start":{"line":23,"column":20},"end":{"line":23,"column":20}}]},"7":{"line":28,"type":"if","locations":[{"start":{"line":28,"column":20},"end":{"line":28,"column":20}},{"start":{"line":28,"column":20},"end":{"line":28,"column":20}}]},"8":{"line":29,"type":"if","locations":[{"start":{"line":29,"column":24},"end":{"line":29,"column":24}},{"start":{"line":29,"column":24},"end":{"line":29,"column":24}}]},"9":{"line":37,"type":"if","locations":[{"start":{"line":37,"column":20},"end":{"line":37,"column":20}},{"start":{"line":37,"column":20},"end":{"line":37,"column":20}}]},"10":{"line":46,"type":"cond-expr","locations":[{"start":{"line":46,"column":74},"end":{"line":46,"column":75}},{"start":{"line":46,"column":78},"end":{"line":46,"column":79}}]},"11":{"line":53,"type":"if","locations":[{"start":{"line":53,"column":8},"end":{"line":53,"column":8}},{"start":{"line":53,"column":8},"end":{"line":53,"column":8}}]},"12":{"line":60,"type":"binary-expr","locations":[{"start":{"line":60,"column":15},"end":{"line":60,"column":39}},{"start":{"line":60,"column":43},"end":{"line":60,"column":68}}]},"13":{"line":77,"type":"if","locations":[{"start":{"line":77,"column":12},"end":{"line":77,"column":12}},{"start":{"line":77,"column":12},"end":{"line":77,"column":12}}]},"14":{"line":92,"type":"cond-expr","locations":[{"start":{"line":93,"column":18},"end":{"line":93,"column":22}},{"start":{"line":94,"column":18},"end":{"line":94,"column":22}}]},"15":{"line":95,"type":"cond-expr","locations":[{"start":{"line":96,"column":18},"end":{"line":96,"column":42}},{"start":{"line":97,"column":18},"end":{"line":97,"column":42}}]},"16":{"line":107,"type":"if","locations":[{"start":{"line":107,"column":12},"end":{"line":107,"column":12}},{"start":{"line":107,"column":12},"end":{"line":107,"column":12}}]},"17":{"line":107,"type":"binary-expr","locations":[{"start":{"line":107,"column":16},"end":{"line":107,"column":22}},{"start":{"line":107,"column":26},"end":{"line":107,"column":48}}]},"18":{"line":122,"type":"if","locations":[{"start":{"line":122,"column":8},"end":{"line":122,"column":8}},{"start":{"line":122,"column":8},"end":{"line":122,"column":8}}]}}},"/Users/rpeshkov/Developer/vscode-extensions/vscode-text-tables/out/src/ttOrg.js":{"path":"/Users/rpeshkov/Developer/vscode-extensions/vscode-text-tables/out/src/ttOrg.js","s":{"1":1,"2":1,"3":1,"4":1,"5":1,"6":1,"7":33,"8":1,"9":32,"10":32,"11":76,"12":76,"13":32,"14":75,"15":17,"16":17,"17":58,"18":58,"19":122,"20":58,"21":32,"22":75,"23":1,"24":4,"25":27,"26":27,"27":76,"28":76,"29":76,"30":76,"31":76,"32":76,"33":27,"34":59,"35":123,"36":123,"37":17,"38":34,"39":34,"40":1,"41":26,"42":148,"43":52,"44":96,"45":96,"46":96,"47":96,"48":26,"49":26,"50":46,"51":26,"52":26,"53":50,"54":26,"55":0,"56":26,"57":26,"58":26,"59":1},"b":{"1":[1,32],"2":[33,32],"3":[17,58],"4":[57,1],"5":[75,73],"6":[76,0],"7":[17,17],"8":[52,96],"9":[148,122],"10":[0,26]},"f":{"1":33,"2":75,"3":4,"4":27,"5":59,"6":17,"7":26},"fnMap":{"1":{"name":"(anonymous_1)","line":9,"loc":{"start":{"line":9,"column":9},"end":{"line":9,"column":16}}},"2":{"name":"(anonymous_2)","line":29,"loc":{"start":{"line":29,"column":18},"end":{"line":29,"column":25}}},"3":{"name":"(anonymous_3)","line":35,"loc":{"start":{"line":35,"column":15},"end":{"line":35,"column":18}}},"4":{"name":"(anonymous_4)","line":41,"loc":{"start":{"line":41,"column":13},"end":{"line":41,"column":21}}},"5":{"name":"(anonymous_5)","line":54,"loc":{"start":{"line":54,"column":18},"end":{"line":54,"column":25}}},"6":{"name":"(anonymous_6)","line":60,"loc":{"start":{"line":60,"column":20},"end":{"line":60,"column":27}}},"7":{"name":"(anonymous_7)","line":79,"loc":{"start":{"line":79,"column":10},"end":{"line":79,"column":27}}}},"statementMap":{"1":{"start":{"line":2,"column":0},"end":{"line":2,"column":62}},"2":{"start":{"line":3,"column":0},"end":{"line":3,"column":32}},"3":{"start":{"line":4,"column":0},"end":{"line":4,"column":33}},"4":{"start":{"line":5,"column":0},"end":{"line":5,"column":30}},"5":{"start":{"line":6,"column":0},"end":{"line":6,"column":32}},"6":{"start":{"line":7,"column":0},"end":{"line":7,"column":25}},"7":{"start":{"line":10,"column":8},"end":{"line":12,"column":9}},"8":{"start":{"line":11,"column":12},"end":{"line":11,"column":29}},"9":{"start":{"line":13,"column":8},"end":{"line":13,"column":38}},"10":{"start":{"line":14,"column":8},"end":{"line":14,"column":105}},"11":{"start":{"line":14,"column":50},"end":{"line":14,"column":58}},"12":{"start":{"line":14,"column":72},"end":{"line":14,"column":103}},"13":{"start":{"line":15,"column":8},"end":{"line":26,"column":9}},"14":{"start":{"line":16,"column":12},"end":{"line":19,"column":13}},"15":{"start":{"line":17,"column":16},"end":{"line":17,"column":56}},"16":{"start":{"line":18,"column":16},"end":{"line":18,"column":25}},"17":{"start":{"line":20,"column":12},"end":{"line":20,"column":81}},"18":{"start":{"line":21,"column":12},"end":{"line":24,"column":36}},"19":{"start":{"line":24,"column":26},"end":{"line":24,"column":34}},"20":{"start":{"line":25,"column":12},"end":{"line":25,"column":51}},"21":{"start":{"line":27,"column":8},"end":{"line":27,"column":22}},"22":{"start":{"line":30,"column":8},"end":{"line":30,"column":66}},"23":{"start":{"line":33,"column":0},"end":{"line":33,"column":30}},"24":{"start":{"line":36,"column":8},"end":{"line":39,"column":11}},"25":{"start":{"line":42,"column":8},"end":{"line":42,"column":26}},"26":{"start":{"line":43,"column":8},"end":{"line":51,"column":9}},"27":{"start":{"line":44,"column":12},"end":{"line":44,"column":31}},"28":{"start":{"line":45,"column":12},"end":{"line":45,"column":44}},"29":{"start":{"line":46,"column":12},"end":{"line":46,"column":66}},"30":{"start":{"line":47,"column":12},"end":{"line":49,"column":13}},"31":{"start":{"line":48,"column":16},"end":{"line":48,"column":83}},"32":{"start":{"line":50,"column":12},"end":{"line":50,"column":35}},"33":{"start":{"line":52,"column":8},"end":{"line":52,"column":33}},"34":{"start":{"line":55,"column":8},"end":{"line":58,"column":10}},"35":{"start":{"line":56,"column":12},"end":{"line":56,"column":69}},"36":{"start":{"line":57,"column":12},"end":{"line":57,"column":62}},"37":{"start":{"line":61,"column":8},"end":{"line":67,"column":10}},"38":{"start":{"line":63,"column":12},"end":{"line":65,"column":31}},"39":{"start":{"line":66,"column":12},"end":{"line":66,"column":83}},"40":{"start":{"line":70,"column":0},"end":{"line":70,"column":40}},"41":{"start":{"line":81,"column":8},"end":{"line":89,"column":10}},"42":{"start":{"line":82,"column":12},"end":{"line":84,"column":13}},"43":{"start":{"line":83,"column":16},"end":{"line":83,"column":29}},"44":{"start":{"line":85,"column":12},"end":{"line":85,"column":43}},"45":{"start":{"line":86,"column":12},"end":{"line":86,"column":71}},"46":{"start":{"line":87,"column":12},"end":{"line":87,"column":54}},"47":{"start":{"line":88,"column":12},"end":{"line":88,"column":37}},"48":{"start":{"line":90,"column":8},"end":{"line":90,"column":27}},"49":{"start":{"line":91,"column":8},"end":{"line":93,"column":9}},"50":{"start":{"line":92,"column":12},"end":{"line":92,"column":20}},"51":{"start":{"line":94,"column":8},"end":{"line":94,"column":25}},"52":{"start":{"line":95,"column":8},"end":{"line":97,"column":9}},"53":{"start":{"line":96,"column":12},"end":{"line":96,"column":18}},"54":{"start":{"line":98,"column":8},"end":{"line":100,"column":9}},"55":{"start":{"line":99,"column":12},"end":{"line":99,"column":29}},"56":{"start":{"line":101,"column":8},"end":{"line":101,"column":62}},"57":{"start":{"line":102,"column":8},"end":{"line":102,"column":56}},"58":{"start":{"line":103,"column":8},"end":{"line":103,"column":50}},"59":{"start":{"line":106,"column":0},"end":{"line":106,"column":32}}},"branchMap":{"1":{"line":10,"type":"if","locations":[{"start":{"line":10,"column":8},"end":{"line":10,"column":8}},{"start":{"line":10,"column":8},"end":{"line":10,"column":8}}]},"2":{"line":10,"type":"binary-expr","locations":[{"start":{"line":10,"column":12},"end":{"line":10,"column":17}},{"start":{"line":10,"column":21},"end":{"line":10,"column":38}}]},"3":{"line":16,"type":"if","locations":[{"start":{"line":16,"column":12},"end":{"line":16,"column":12}},{"start":{"line":16,"column":12},"end":{"line":16,"column":12}}]},"4":{"line":20,"type":"cond-expr","locations":[{"start":{"line":20,"column":74},"end":{"line":20,"column":75}},{"start":{"line":20,"column":78},"end":{"line":20,"column":79}}]},"5":{"line":30,"type":"binary-expr","locations":[{"start":{"line":30,"column":15},"end":{"line":30,"column":30}},{"start":{"line":30,"column":34},"end":{"line":30,"column":65}}]},"6":{"line":47,"type":"if","locations":[{"start":{"line":47,"column":12},"end":{"line":47,"column":12}},{"start":{"line":47,"column":12},"end":{"line":47,"column":12}}]},"7":{"line":63,"type":"cond-expr","locations":[{"start":{"line":64,"column":18},"end":{"line":64,"column":35}},{"start":{"line":65,"column":18},"end":{"line":65,"column":30}}]},"8":{"line":82,"type":"if","locations":[{"start":{"line":82,"column":12},"end":{"line":82,"column":12}},{"start":{"line":82,"column":12},"end":{"line":82,"column":12}}]},"9":{"line":82,"type":"binary-expr","locations":[{"start":{"line":82,"column":16},"end":{"line":82,"column":22}},{"start":{"line":82,"column":26},"end":{"line":82,"column":48}}]},"10":{"line":98,"type":"if","locations":[{"start":{"line":98,"column":8},"end":{"line":98,"column":8}},{"start":{"line":98,"column":8},"end":{"line":98,"column":8}}]}}},"/Users/rpeshkov/Developer/vscode-extensions/vscode-text-tables/out/src/extension.js":{"path":"/Users/rpeshkov/Developer/vscode-extensions/vscode-text-tables/out/src/extension.js","s":{"1":1,"2":27,"3":1,"4":6,"5":6,"6":0,"7":1,"8":0,"9":0,"10":0,"11":1,"12":33,"13":6,"14":27,"15":1,"16":1,"17":1,"18":1,"19":1,"20":1,"21":1,"22":1,"23":1,"24":1,"25":1,"26":1,"27":1,"28":1,"29":6,"30":6,"31":3,"32":3,"33":3,"34":3,"35":3,"36":3,"37":1,"38":1,"39":1,"40":1,"41":1,"42":1,"43":1,"44":5,"45":5,"46":5,"47":0,"48":1,"49":12,"50":12,"51":1,"52":0,"53":1,"54":0,"55":1,"56":0,"57":1,"58":1,"59":1,"60":3,"61":1,"62":3,"63":1,"64":4,"65":1,"66":6,"67":6,"68":6,"69":0,"70":6,"71":6,"72":0,"73":6,"74":6,"75":6,"76":0,"77":6,"78":6,"79":1,"80":1,"81":3,"82":1,"83":2,"84":1,"85":0,"86":0,"87":0,"88":0,"89":0,"90":0,"91":0,"92":0,"93":0,"94":0,"95":0,"96":0,"97":1,"98":1,"99":1,"100":1,"101":7,"102":21,"103":21,"104":21,"105":0,"106":21,"107":21,"108":21,"109":0,"110":21,"111":21,"112":10,"113":10,"114":11},"b":{"1":[1,1,1],"2":[27,27],"3":[27,6],"4":[27,27],"5":[3,3],"6":[1,0],"7":[5,0],"8":[12,0],"9":[0,6],"10":[0,6],"11":[0,6],"12":[0,0],"13":[0,0],"14":[0,0],"15":[0,0],"16":[0,0],"17":[0,21],"18":[0,21],"19":[10,11],"20":[21,10]},"f":{"1":27,"2":27,"3":6,"4":0,"5":33,"6":6,"7":6,"8":1,"9":6,"10":0,"11":7,"12":21},"fnMap":{"1":{"name":"(anonymous_1)","line":2,"loc":{"start":{"line":2,"column":44},"end":{"line":2,"column":89}}},"2":{"name":"(anonymous_2)","line":3,"loc":{"start":{"line":3,"column":36},"end":{"line":3,"column":63}}},"3":{"name":"fulfilled","line":4,"loc":{"start":{"line":4,"column":8},"end":{"line":4,"column":34}}},"4":{"name":"rejected","line":5,"loc":{"start":{"line":5,"column":8},"end":{"line":5,"column":33}}},"5":{"name":"step","line":6,"loc":{"start":{"line":6,"column":8},"end":{"line":6,"column":30}}},"6":{"name":"(anonymous_6)","line":6,"loc":{"start":{"line":6,"column":76},"end":{"line":6,"column":95}}},"7":{"name":"loadConfiguration","line":23,"loc":{"start":{"line":23,"column":0},"end":{"line":23,"column":29}}},"8":{"name":"activate","line":36,"loc":{"start":{"line":36,"column":0},"end":{"line":36,"column":23}}},"9":{"name":"(anonymous_9)","line":71,"loc":{"start":{"line":71,"column":125},"end":{"line":71,"column":138}}},"10":{"name":"deactivate","line":125,"loc":{"start":{"line":125,"column":0},"end":{"line":125,"column":22}}},"11":{"name":"registerTableCommand","line":128,"loc":{"start":{"line":128,"column":0},"end":{"line":128,"column":58}}},"12":{"name":"(anonymous_12)","line":129,"loc":{"start":{"line":129,"column":109},"end":{"line":129,"column":122}}}},"statementMap":{"1":{"start":{"line":2,"column":0},"end":{"line":9,"column":2}},"2":{"start":{"line":3,"column":4},"end":{"line":8,"column":7}},"3":{"start":{"line":4,"column":8},"end":{"line":4,"column":99}},"4":{"start":{"line":4,"column":36},"end":{"line":4,"column":97}},"5":{"start":{"line":4,"column":42},"end":{"line":4,"column":70}},"6":{"start":{"line":4,"column":85},"end":{"line":4,"column":95}},"7":{"start":{"line":5,"column":8},"end":{"line":5,"column":102}},"8":{"start":{"line":5,"column":35},"end":{"line":5,"column":100}},"9":{"start":{"line":5,"column":41},"end":{"line":5,"column":73}},"10":{"start":{"line":5,"column":88},"end":{"line":5,"column":98}},"11":{"start":{"line":6,"column":8},"end":{"line":6,"column":151}},"12":{"start":{"line":6,"column":32},"end":{"line":6,"column":149}},"13":{"start":{"line":6,"column":97},"end":{"line":6,"column":119}},"14":{"start":{"line":7,"column":8},"end":{"line":7,"column":78}},"15":{"start":{"line":10,"column":0},"end":{"line":10,"column":62}},"16":{"start":{"line":11,"column":0},"end":{"line":11,"column":33}},"17":{"start":{"line":12,"column":0},"end":{"line":12,"column":33}},"18":{"start":{"line":13,"column":0},"end":{"line":13,"column":34}},"19":{"start":{"line":14,"column":0},"end":{"line":14,"column":35}},"20":{"start":{"line":15,"column":0},"end":{"line":15,"column":45}},"21":{"start":{"line":16,"column":0},"end":{"line":16,"column":31}},"22":{"start":{"line":17,"column":0},"end":{"line":17,"column":39}},"23":{"start":{"line":18,"column":0},"end":{"line":18,"column":39}},"24":{"start":{"line":19,"column":0},"end":{"line":19,"column":12}},"25":{"start":{"line":20,"column":0},"end":{"line":20,"column":11}},"26":{"start":{"line":21,"column":0},"end":{"line":21,"column":16}},"27":{"start":{"line":22,"column":0},"end":{"line":22,"column":18}},"28":{"start":{"line":23,"column":0},"end":{"line":35,"column":1}},"29":{"start":{"line":24,"column":4},"end":{"line":24,"column":32}},"30":{"start":{"line":25,"column":4},"end":{"line":34,"column":5}},"31":{"start":{"line":26,"column":8},"end":{"line":26,"column":43}},"32":{"start":{"line":27,"column":8},"end":{"line":27,"column":41}},"33":{"start":{"line":28,"column":8},"end":{"line":28,"column":51}},"34":{"start":{"line":31,"column":8},"end":{"line":31,"column":53}},"35":{"start":{"line":32,"column":8},"end":{"line":32,"column":51}},"36":{"start":{"line":33,"column":8},"end":{"line":33,"column":61}},"37":{"start":{"line":36,"column":0},"end":{"line":123,"column":1}},"38":{"start":{"line":37,"column":4},"end":{"line":37,"column":24}},"39":{"start":{"line":38,"column":4},"end":{"line":38,"column":89}},"40":{"start":{"line":39,"column":4},"end":{"line":39,"column":97}},"41":{"start":{"line":40,"column":4},"end":{"line":42,"column":5}},"42":{"start":{"line":41,"column":8},"end":{"line":41,"column":26}},"43":{"start":{"line":43,"column":4},"end":{"line":51,"column":7}},"44":{"start":{"line":44,"column":8},"end":{"line":44,"column":28}},"45":{"start":{"line":45,"column":8},"end":{"line":50,"column":9}},"46":{"start":{"line":46,"column":12},"end":{"line":46,"column":30}},"47":{"start":{"line":49,"column":12},"end":{"line":49,"column":30}},"48":{"start":{"line":52,"column":4},"end":{"line":56,"column":7}},"49":{"start":{"line":53,"column":8},"end":{"line":55,"column":9}},"50":{"start":{"line":54,"column":12},"end":{"line":54,"column":40}},"51":{"start":{"line":57,"column":4},"end":{"line":59,"column":8}},"52":{"start":{"line":58,"column":8},"end":{"line":58,"column":69}},"53":{"start":{"line":60,"column":4},"end":{"line":60,"column":164}},"54":{"start":{"line":60,"column":103},"end":{"line":60,"column":161}},"55":{"start":{"line":61,"column":4},"end":{"line":61,"column":164}},"56":{"start":{"line":61,"column":104},"end":{"line":61,"column":161}},"57":{"start":{"line":62,"column":4},"end":{"line":62,"column":111}},"58":{"start":{"line":63,"column":4},"end":{"line":63,"column":107}},"59":{"start":{"line":64,"column":4},"end":{"line":66,"column":8}},"60":{"start":{"line":65,"column":8},"end":{"line":65,"column":63}},"61":{"start":{"line":67,"column":4},"end":{"line":69,"column":8}},"62":{"start":{"line":68,"column":8},"end":{"line":68,"column":62}},"63":{"start":{"line":70,"column":4},"end":{"line":70,"column":136}},"64":{"start":{"line":70,"column":105},"end":{"line":70,"column":133}},"65":{"start":{"line":71,"column":4},"end":{"line":90,"column":9}},"66":{"start":{"line":71,"column":93},"end":{"line":90,"column":6}},"67":{"start":{"line":75,"column":8},"end":{"line":75,"column":54}},"68":{"start":{"line":76,"column":8},"end":{"line":78,"column":9}},"69":{"start":{"line":77,"column":12},"end":{"line":77,"column":19}},"70":{"start":{"line":79,"column":8},"end":{"line":79,"column":88}},"71":{"start":{"line":80,"column":8},"end":{"line":82,"column":9}},"72":{"start":{"line":81,"column":12},"end":{"line":81,"column":19}},"73":{"start":{"line":83,"column":8},"end":{"line":83,"column":65}},"74":{"start":{"line":84,"column":8},"end":{"line":84,"column":49}},"75":{"start":{"line":85,"column":8},"end":{"line":87,"column":9}},"76":{"start":{"line":86,"column":12},"end":{"line":86,"column":19}},"77":{"start":{"line":88,"column":8},"end":{"line":88,"column":48}},"78":{"start":{"line":89,"column":8},"end":{"line":89,"column":71}},"79":{"start":{"line":94,"column":4},"end":{"line":94,"column":121}},"80":{"start":{"line":95,"column":4},"end":{"line":97,"column":8}},"81":{"start":{"line":96,"column":8},"end":{"line":96,"column":58}},"82":{"start":{"line":99,"column":4},"end":{"line":99,"column":172}},"83":{"start":{"line":99,"column":110},"end":{"line":99,"column":169}},"84":{"start":{"line":100,"column":4},"end":{"line":122,"column":8}},"85":{"start":{"line":101,"column":8},"end":{"line":110,"column":10}},"86":{"start":{"line":105,"column":16},"end":{"line":107,"column":17}},"87":{"start":{"line":106,"column":20},"end":{"line":106,"column":117}},"88":{"start":{"line":108,"column":16},"end":{"line":108,"column":23}},"89":{"start":{"line":111,"column":8},"end":{"line":121,"column":11}},"90":{"start":{"line":112,"column":12},"end":{"line":114,"column":13}},"91":{"start":{"line":113,"column":16},"end":{"line":113,"column":23}},"92":{"start":{"line":115,"column":12},"end":{"line":115,"column":53}},"93":{"start":{"line":116,"column":12},"end":{"line":120,"column":13}},"94":{"start":{"line":117,"column":16},"end":{"line":117,"column":44}},"95":{"start":{"line":118,"column":16},"end":{"line":118,"column":44}},"96":{"start":{"line":119,"column":16},"end":{"line":119,"column":80}},"97":{"start":{"line":124,"column":0},"end":{"line":124,"column":28}},"98":{"start":{"line":125,"column":0},"end":{"line":126,"column":1}},"99":{"start":{"line":127,"column":0},"end":{"line":127,"column":32}},"100":{"start":{"line":128,"column":0},"end":{"line":147,"column":1}},"101":{"start":{"line":129,"column":4},"end":{"line":146,"column":8}},"102":{"start":{"line":129,"column":77},"end":{"line":146,"column":6}},"103":{"start":{"line":130,"column":8},"end":{"line":130,"column":88}},"104":{"start":{"line":131,"column":8},"end":{"line":133,"column":9}},"105":{"start":{"line":132,"column":12},"end":{"line":132,"column":19}},"106":{"start":{"line":134,"column":8},"end":{"line":134,"column":65}},"107":{"start":{"line":135,"column":8},"end":{"line":135,"column":49}},"108":{"start":{"line":136,"column":8},"end":{"line":138,"column":9}},"109":{"start":{"line":137,"column":12},"end":{"line":137,"column":19}},"110":{"start":{"line":139,"column":8},"end":{"line":139,"column":48}},"111":{"start":{"line":140,"column":8},"end":{"line":145,"column":9}},"112":{"start":{"line":141,"column":12},"end":{"line":141,"column":128}},"113":{"start":{"line":141,"column":88},"end":{"line":141,"column":126}},"114":{"start":{"line":144,"column":12},"end":{"line":144,"column":51}}},"branchMap":{"1":{"line":2,"type":"binary-expr","locations":[{"start":{"line":2,"column":17},"end":{"line":2,"column":21}},{"start":{"line":2,"column":25},"end":{"line":2,"column":39}},{"start":{"line":2,"column":44},"end":{"line":9,"column":1}}]},"2":{"line":3,"type":"binary-expr","locations":[{"start":{"line":3,"column":16},"end":{"line":3,"column":17}},{"start":{"line":3,"column":22},"end":{"line":3,"column":33}}]},"3":{"line":6,"type":"cond-expr","locations":[{"start":{"line":6,"column":46},"end":{"line":6,"column":67}},{"start":{"line":6,"column":70},"end":{"line":6,"column":148}}]},"4":{"line":7,"type":"binary-expr","locations":[{"start":{"line":7,"column":51},"end":{"line":7,"column":61}},{"start":{"line":7,"column":65},"end":{"line":7,"column":67}}]},"5":{"line":25,"type":"if","locations":[{"start":{"line":25,"column":4},"end":{"line":25,"column":4}},{"start":{"line":25,"column":4},"end":{"line":25,"column":4}}]},"6":{"line":40,"type":"if","locations":[{"start":{"line":40,"column":4},"end":{"line":40,"column":4}},{"start":{"line":40,"column":4},"end":{"line":40,"column":4}}]},"7":{"line":45,"type":"if","locations":[{"start":{"line":45,"column":8},"end":{"line":45,"column":8}},{"start":{"line":45,"column":8},"end":{"line":45,"column":8}}]},"8":{"line":53,"type":"if","locations":[{"start":{"line":53,"column":8},"end":{"line":53,"column":8}},{"start":{"line":53,"column":8},"end":{"line":53,"column":8}}]},"9":{"line":76,"type":"if","locations":[{"start":{"line":76,"column":8},"end":{"line":76,"column":8}},{"start":{"line":76,"column":8},"end":{"line":76,"column":8}}]},"10":{"line":80,"type":"if","locations":[{"start":{"line":80,"column":8},"end":{"line":80,"column":8}},{"start":{"line":80,"column":8},"end":{"line":80,"column":8}}]},"11":{"line":85,"type":"if","locations":[{"start":{"line":85,"column":8},"end":{"line":85,"column":8}},{"start":{"line":85,"column":8},"end":{"line":85,"column":8}}]},"12":{"line":105,"type":"if","locations":[{"start":{"line":105,"column":16},"end":{"line":105,"column":16}},{"start":{"line":105,"column":16},"end":{"line":105,"column":16}}]},"13":{"line":112,"type":"if","locations":[{"start":{"line":112,"column":12},"end":{"line":112,"column":12}},{"start":{"line":112,"column":12},"end":{"line":112,"column":12}}]},"14":{"line":116,"type":"if","locations":[{"start":{"line":116,"column":12},"end":{"line":116,"column":12}},{"start":{"line":116,"column":12},"end":{"line":116,"column":12}}]},"15":{"line":117,"type":"binary-expr","locations":[{"start":{"line":117,"column":29},"end":{"line":117,"column":38}},{"start":{"line":117,"column":42},"end":{"line":117,"column":43}}]},"16":{"line":118,"type":"binary-expr","locations":[{"start":{"line":118,"column":29},"end":{"line":118,"column":38}},{"start":{"line":118,"column":42},"end":{"line":118,"column":43}}]},"17":{"line":131,"type":"if","locations":[{"start":{"line":131,"column":8},"end":{"line":131,"column":8}},{"start":{"line":131,"column":8},"end":{"line":131,"column":8}}]},"18":{"line":136,"type":"if","locations":[{"start":{"line":136,"column":8},"end":{"line":136,"column":8}},{"start":{"line":136,"column":8},"end":{"line":136,"column":8}}]},"19":{"line":140,"type":"if","locations":[{"start":{"line":140,"column":8},"end":{"line":140,"column":8}},{"start":{"line":140,"column":8},"end":{"line":140,"column":8}}]},"20":{"line":140,"type":"binary-expr","locations":[{"start":{"line":140,"column":12},"end":{"line":140,"column":19}},{"start":{"line":140,"column":23},"end":{"line":140,"column":37}}]}}},"/Users/rpeshkov/Developer/vscode-extensions/vscode-text-tables/out/src/utils.js":{"path":"/Users/rpeshkov/Developer/vscode-extensions/vscode-text-tables/out/src/utils.js","s":{"1":1,"2":1},"b":{},"f":{},"fnMap":{},"statementMap":{"1":{"start":{"line":2,"column":0},"end":{"line":2,"column":62}},"2":{"start":{"line":3,"column":0},"end":{"line":3,"column":39}}},"branchMap":{}},"/Users/rpeshkov/Developer/vscode-extensions/vscode-text-tables/out/src/context.js":{"path":"/Users/rpeshkov/Developer/vscode-extensions/vscode-text-tables/out/src/context.js","s":{"1":1,"2":1,"3":1,"4":1,"5":1,"6":1,"7":1,"8":1,"9":1,"10":1,"11":1,"12":1,"13":1,"14":0,"15":0,"16":0,"17":0,"18":0,"19":1,"20":1,"21":12,"22":12,"23":12,"24":12,"25":12,"26":0,"27":1,"28":1,"29":12,"30":12,"31":12,"32":12,"33":0,"34":0,"35":0,"36":12,"37":0,"38":12,"39":12,"40":1,"41":1,"42":1,"43":1,"44":13,"45":13,"46":13,"47":13},"b":{"1":[1,1],"2":[0,0],"3":[0,0],"4":[12,0],"5":[12,12],"6":[0,12],"7":[13,0],"8":[0,13]},"f":{"1":1,"2":1,"3":0,"4":12,"5":12,"6":1,"7":13},"fnMap":{"1":{"name":"(anonymous_1)","line":5,"loc":{"start":{"line":5,"column":1},"end":{"line":5,"column":24}}},"2":{"name":"registerContext","line":10,"loc":{"start":{"line":10,"column":0},"end":{"line":10,"column":50}}},"3":{"name":"enterContext","line":16,"loc":{"start":{"line":16,"column":0},"end":{"line":16,"column":36}}},"4":{"name":"exitContext","line":25,"loc":{"start":{"line":25,"column":0},"end":{"line":25,"column":35}}},"5":{"name":"restoreContext","line":34,"loc":{"start":{"line":34,"column":0},"end":{"line":34,"column":32}}},"6":{"name":"(anonymous_6)","line":46,"loc":{"start":{"line":46,"column":15},"end":{"line":46,"column":41}}},"7":{"name":"(anonymous_7)","line":51,"loc":{"start":{"line":51,"column":12},"end":{"line":51,"column":24}}}},"statementMap":{"1":{"start":{"line":2,"column":0},"end":{"line":2,"column":62}},"2":{"start":{"line":3,"column":0},"end":{"line":3,"column":33}},"3":{"start":{"line":4,"column":0},"end":{"line":4,"column":16}},"4":{"start":{"line":5,"column":0},"end":{"line":7,"column":68}},"5":{"start":{"line":6,"column":4},"end":{"line":6,"column":43}},"6":{"start":{"line":8,"column":0},"end":{"line":8,"column":27}},"7":{"start":{"line":9,"column":0},"end":{"line":9,"column":24}},"8":{"start":{"line":10,"column":0},"end":{"line":14,"column":1}},"9":{"start":{"line":11,"column":4},"end":{"line":11,"column":53}},"10":{"start":{"line":12,"column":4},"end":{"line":12,"column":28}},"11":{"start":{"line":13,"column":4},"end":{"line":13,"column":24}},"12":{"start":{"line":15,"column":0},"end":{"line":15,"column":42}},"13":{"start":{"line":16,"column":0},"end":{"line":23,"column":1}},"14":{"start":{"line":17,"column":4},"end":{"line":17,"column":35}},"15":{"start":{"line":18,"column":4},"end":{"line":22,"column":5}},"16":{"start":{"line":19,"column":8},"end":{"line":19,"column":27}},"17":{"start":{"line":20,"column":8},"end":{"line":20,"column":70}},"18":{"start":{"line":21,"column":8},"end":{"line":21,"column":70}},"19":{"start":{"line":24,"column":0},"end":{"line":24,"column":36}},"20":{"start":{"line":25,"column":0},"end":{"line":32,"column":1}},"21":{"start":{"line":26,"column":4},"end":{"line":26,"column":35}},"22":{"start":{"line":27,"column":4},"end":{"line":31,"column":5}},"23":{"start":{"line":28,"column":8},"end":{"line":28,"column":28}},"24":{"start":{"line":29,"column":8},"end":{"line":29,"column":70}},"25":{"start":{"line":30,"column":8},"end":{"line":30,"column":81}},"26":{"start":{"line":30,"column":68},"end":{"line":30,"column":78}},"27":{"start":{"line":33,"column":0},"end":{"line":33,"column":34}},"28":{"start":{"line":34,"column":0},"end":{"line":43,"column":1}},"29":{"start":{"line":35,"column":4},"end":{"line":35,"column":21}},"30":{"start":{"line":36,"column":4},"end":{"line":36,"column":69}},"31":{"start":{"line":36,"column":53},"end":{"line":36,"column":67}},"32":{"start":{"line":37,"column":4},"end":{"line":40,"column":5}},"33":{"start":{"line":38,"column":8},"end":{"line":38,"column":54}},"34":{"start":{"line":39,"column":8},"end":{"line":39,"column":60}},"35":{"start":{"line":39,"column":36},"end":{"line":39,"column":58}},"36":{"start":{"line":41,"column":4},"end":{"line":41,"column":50}},"37":{"start":{"line":41,"column":25},"end":{"line":41,"column":48}},"38":{"start":{"line":42,"column":4},"end":{"line":42,"column":48}},"39":{"start":{"line":42,"column":24},"end":{"line":42,"column":46}},"40":{"start":{"line":44,"column":0},"end":{"line":44,"column":40}},"41":{"start":{"line":47,"column":8},"end":{"line":47,"column":25}},"42":{"start":{"line":48,"column":8},"end":{"line":48,"column":27}},"43":{"start":{"line":49,"column":8},"end":{"line":49,"column":37}},"44":{"start":{"line":52,"column":8},"end":{"line":52,"column":75}},"45":{"start":{"line":53,"column":8},"end":{"line":56,"column":9}},"46":{"start":{"line":54,"column":12},"end":{"line":54,"column":55}},"47":{"start":{"line":55,"column":12},"end":{"line":55,"column":65}}},"branchMap":{"1":{"line":7,"type":"binary-expr","locations":[{"start":{"line":7,"column":17},"end":{"line":7,"column":36}},{"start":{"line":7,"column":41},"end":{"line":7,"column":65}}]},"2":{"line":18,"type":"if","locations":[{"start":{"line":18,"column":4},"end":{"line":18,"column":4}},{"start":{"line":18,"column":4},"end":{"line":18,"column":4}}]},"3":{"line":20,"type":"binary-expr","locations":[{"start":{"line":20,"column":28},"end":{"line":20,"column":63}},{"start":{"line":20,"column":67},"end":{"line":20,"column":69}}]},"4":{"line":27,"type":"if","locations":[{"start":{"line":27,"column":4},"end":{"line":27,"column":4}},{"start":{"line":27,"column":4},"end":{"line":27,"column":4}}]},"5":{"line":29,"type":"binary-expr","locations":[{"start":{"line":29,"column":28},"end":{"line":29,"column":63}},{"start":{"line":29,"column":67},"end":{"line":29,"column":69}}]},"6":{"line":37,"type":"if","locations":[{"start":{"line":37,"column":4},"end":{"line":37,"column":4}},{"start":{"line":37,"column":4},"end":{"line":37,"column":4}}]},"7":{"line":53,"type":"if","locations":[{"start":{"line":53,"column":8},"end":{"line":53,"column":8}},{"start":{"line":53,"column":8},"end":{"line":53,"column":8}}]},"8":{"line":54,"type":"cond-expr","locations":[{"start":{"line":54,"column":42},"end":{"line":54,"column":46}},{"start":{"line":54,"column":49},"end":{"line":54,"column":54}}]}}}}