TN:
SF:Users/rpeshkov/Developer/vscode-extensions/vscode-text-tables/src/configuration.ts
FN:8,(anonymous_7)
FN:18,build
FN:29,override
FNF:3
FNH:3
FNDA:1,(anonymous_7)
FNDA:8,build
FNDA:12,override
DA:1,1
DA:3,1
DA:5,1
DA:6,1
DA:8,2
DA:9,1
DA:10,1
DA:18,2
DA:19,8
DA:21,8
DA:29,2
DA:30,12
DA:31,12
DA:32,12
LF:14
LH:14
BRDA:8,1,0,1
BRDA:8,1,1,1
BRF:2
BRH:2
end_of_record
TN:
SF:Users/rpeshkov/Developer/vscode-extensions/vscode-text-tables/src/commands.ts
FN:8,createTable
FN:35,moveRowDown
FN:47,moveRowUp
FN:59,gotoNextCell
FN:76,gotoPreviousCell
FN:87,formatUnderCursor
FN:99,moveColRight
FN:129,moveColLeft
FN:159,clearCell
FN:189,nextRow
FN:209,rowColFromPosition
FNF:11
FNH:11
FNDA:2,createTable
FNDA:3,moveRowDown
FNDA:3,moveRowUp
FNDA:9,gotoNextCell
FNDA:6,gotoPreviousCell
FNDA:20,formatUnderCursor
FNDA:3,moveColRight
FNDA:3,moveColLeft
FNDA:4,clearCell
FNDA:3,nextRow
FNDA:6,rowColFromPosition
DA:1,1
DA:2,1
DA:3,1
DA:8,2
DA:10,2
DA:11,2
DA:12,6
DA:14,2
DA:17,2
DA:18,2
DA:21,2
DA:22,2
DA:23,2
DA:24,2
DA:26,2
DA:27,2
DA:35,2
DA:36,3
DA:37,3
DA:38,1
DA:39,1
DA:41,2
DA:47,2
DA:48,3
DA:49,3
DA:50,1
DA:51,1
DA:53,2
DA:59,2
DA:62,9
DA:63,9
DA:64,9
DA:65,8
DA:66,8
DA:68,1
DA:69,1
DA:76,2
DA:77,6
DA:78,6
DA:79,6
DA:80,5
DA:87,2
DA:89,20
DA:90,20
DA:92,20
DA:93,20
DA:99,2
DA:101,3
DA:102,3
DA:103,0
DA:104,0
DA:107,3
DA:108,1
DA:109,1
DA:112,2
DA:114,2
DA:115,4
DA:116,4
DA:117,4
DA:118,4
DA:121,2
DA:122,2
DA:123,2
DA:129,2
DA:131,3
DA:132,3
DA:133,0
DA:134,0
DA:137,3
DA:138,1
DA:139,1
DA:142,2
DA:144,2
DA:145,4
DA:146,4
DA:147,4
DA:148,4
DA:151,2
DA:152,2
DA:153,2
DA:159,2
DA:160,4
DA:161,4
DA:162,4
DA:164,4
DA:165,1
DA:166,1
DA:169,3
DA:170,3
DA:171,3
DA:172,1
DA:175,3
DA:176,1
DA:177,1
DA:180,2
DA:181,2
DA:182,2
DA:183,2
DA:189,2
DA:191,3
DA:193,3
DA:194,2
DA:199,3
DA:201,3
DA:202,3
DA:203,3
DA:204,3
DA:209,1
DA:210,6
DA:212,6
DA:213,6
DA:214,6
DA:215,12
DA:216,12
DA:217,6
DA:218,6
DA:221,6
DA:224,6
LF:118
LH:114
BRDA:17,1,0,1
BRDA:17,1,1,1
BRDA:37,2,0,1
BRDA:37,2,1,2
BRDA:49,3,0,1
BRDA:49,3,1,2
BRDA:64,4,0,8
BRDA:64,4,1,1
BRDA:79,5,0,5
BRDA:79,5,1,1
BRDA:102,6,0,0
BRDA:102,6,1,3
BRDA:107,7,0,1
BRDA:107,7,1,2
BRDA:132,8,0,0
BRDA:132,8,1,3
BRDA:137,9,0,1
BRDA:137,9,1,2
BRDA:164,10,0,1
BRDA:164,10,1,3
BRDA:171,11,0,1
BRDA:171,11,1,2
BRDA:175,12,0,1
BRDA:175,12,1,2
BRDA:193,13,0,2
BRDA:193,13,1,1
BRDA:203,14,0,3
BRDA:203,14,1,0
BRDA:216,15,0,6
BRDA:216,15,1,6
BRDA:216,16,0,12
BRDA:216,16,1,12
BRF:32
BRH:29
end_of_record
TN:
SF:Users/rpeshkov/Developer/vscode-extensions/vscode-text-tables/src/ttTable.ts
FN:3,(anonymous_1)
FN:9,(anonymous_2)
FN:24,(anonymous_3)
FN:35,(anonymous_4)
FN:56,(anonymous_5)
FN:60,(anonymous_6)
FN:64,(anonymous_7)
FN:92,(anonymous_8)
FN:109,(anonymous_9)
FN:113,(anonymous_10)
FN:117,(anonymous_11)
FN:121,(anonymous_12)
FN:130,(anonymous_13)
FN:153,(anonymous_14)
FNF:14
FNH:14
FNDA:1,(anonymous_1)
FNDA:1,(anonymous_2)
FNDA:58,(anonymous_3)
FNDA:147,(anonymous_4)
FNDA:21,(anonymous_5)
FNDA:84,(anonymous_6)
FNDA:18,(anonymous_7)
FNDA:164,(anonymous_8)
FNDA:27,(anonymous_9)
FNDA:15,(anonymous_10)
FNDA:8,(anonymous_11)
FNDA:3,(anonymous_12)
FNDA:23,(anonymous_13)
FNDA:27,(anonymous_14)
DA:1,1
DA:3,2
DA:4,1
DA:5,1
DA:6,1
DA:9,2
DA:10,1
DA:11,1
DA:12,1
DA:24,1
DA:28,58
DA:30,58
DA:31,58
DA:33,58
DA:36,147
DA:37,147
DA:38,105
DA:41,147
DA:42,173
DA:43,173
DA:45,173
DA:46,37
DA:50,281
DA:52,147
DA:53,147
DA:57,21
DA:61,84
DA:65,18
DA:66,2
DA:69,18
DA:92,164
DA:93,164
DA:95,164
DA:96,137
DA:97,137
DA:106,1
DA:107,27
DA:109,27
DA:110,27
DA:114,18
DA:118,10
DA:122,9
DA:123,3
DA:124,0
DA:127,3
DA:131,84
DA:132,23
DA:133,21
DA:134,21
DA:135,18
DA:136,4
DA:137,1
DA:139,3
DA:141,17
DA:146,5
DA:147,2
DA:149,3
DA:154,27
DA:156,27
DA:157,27
DA:158,27
DA:159,55
DA:160,55
DA:161,55
DA:164,27
DA:166,27
DA:167,97
DA:168,97
DA:170,97
DA:171,29
DA:173,29
DA:176,29
DA:177,29
DA:178,29
DA:180,68
DA:181,135
DA:182,135
DA:183,135
DA:184,135
DA:185,135
DA:189,27
LF:81
LH:80
BRDA:3,1,0,1
BRDA:3,1,1,1
BRDA:9,2,0,1
BRDA:9,2,1,1
BRDA:42,3,0,7
BRDA:42,3,1,166
BRDA:65,4,0,2
BRDA:65,4,1,16
BRDA:95,5,0,137
BRDA:95,5,1,27
BRDA:123,6,0,0
BRDA:123,6,1,3
BRDA:132,7,0,21
BRDA:132,7,1,2
BRDA:134,8,0,18
BRDA:134,8,1,3
BRDA:135,9,0,4
BRDA:135,9,1,14
BRDA:136,10,0,1
BRDA:136,10,1,3
BRDA:146,11,0,2
BRDA:146,11,1,3
BRDA:170,12,0,29
BRDA:170,12,1,68
BRDA:174,13,0,29
BRDA:174,13,1,0
BRF:26
BRH:24
end_of_record
TN:
SF:Users/rpeshkov/Developer/vscode-extensions/vscode-text-tables/src/ttMarkdown.ts
FN:11,(anonymous_1)
FN:69,(anonymous_2)
FN:75,(anonymous_3)
FN:81,(anonymous_4)
FN:97,(anonymous_5)
FN:104,(anonymous_6)
FN:121,(anonymous_7)
FNF:7
FNH:7
FNDA:8,(anonymous_1)
FNDA:12,(anonymous_2)
FNDA:4,(anonymous_3)
FNDA:2,(anonymous_4)
FNDA:4,(anonymous_5)
FNDA:2,(anonymous_6)
FNDA:1,(anonymous_7)
DA:1,1
DA:2,1
DA:3,1
DA:5,1
DA:6,1
DA:10,1
DA:12,8
DA:13,1
DA:16,7
DA:17,9
DA:19,7
DA:20,8
DA:22,8
DA:23,3
DA:24,3
DA:25,3
DA:26,3
DA:28,3
DA:29,3
DA:30,2
DA:32,1
DA:33,1
DA:34,1
DA:35,0
DA:36,0
DA:38,0
DA:41,1
DA:42,1
DA:43,1
DA:45,0
DA:49,3
DA:52,5
DA:54,5
DA:57,11
DA:59,5
DA:62,7
DA:63,3
DA:66,7
DA:70,12
DA:71,12
DA:75,1
DA:76,4
DA:82,2
DA:84,2
DA:85,6
DA:86,6
DA:87,6
DA:88,6
DA:89,6
DA:91,6
DA:94,2
DA:98,4
DA:99,10
DA:100,10
DA:105,2
DA:106,5
DA:109,5
DA:113,5
DA:115,5
DA:120,1
DA:122,1
DA:123,6
DA:124,2
DA:126,4
DA:127,4
DA:128,4
DA:131,1
DA:132,1
DA:133,1
DA:136,1
DA:137,1
DA:138,3
DA:141,1
DA:142,0
DA:145,1
DA:146,1
DA:148,1
LF:77
LH:72
BRDA:12,1,0,1
BRDA:12,1,1,7
BRDA:12,2,0,8
BRDA:12,2,1,7
BRDA:22,3,0,3
BRDA:22,3,1,5
BRDA:24,4,0,3
BRDA:24,4,1,0
BRDA:25,5,0,1
BRDA:25,5,1,2
BRDA:29,6,0,2
BRDA:29,6,1,1
BRDA:34,7,0,0
BRDA:34,7,1,1
BRDA:35,8,0,0
BRDA:35,8,1,0
BRDA:42,9,0,1
BRDA:42,9,1,0
BRDA:52,10,0,4
BRDA:52,10,1,1
BRDA:62,11,0,3
BRDA:62,11,1,4
BRDA:71,12,0,12
BRDA:71,12,1,9
BRDA:88,13,0,6
BRDA:88,13,1,0
BRDA:107,14,0,0
BRDA:107,14,1,5
BRDA:110,15,0,0
BRDA:110,15,1,5
BRDA:123,16,0,2
BRDA:123,16,1,4
BRDA:123,17,0,6
BRDA:123,17,1,5
BRDA:141,18,0,0
BRDA:141,18,1,1
BRF:36
BRH:27
end_of_record
TN:
SF:Users/rpeshkov/Developer/vscode-extensions/vscode-text-tables/src/ttOrg.ts
FN:11,(anonymous_1)
FN:37,(anonymous_2)
FN:42,(anonymous_3)
FN:48,(anonymous_4)
FN:65,(anonymous_5)
FN:72,(anonymous_6)
FN:92,(anonymous_7)
FNF:7
FNH:7
FNDA:33,(anonymous_1)
FNDA:75,(anonymous_2)
FNDA:4,(anonymous_3)
FNDA:27,(anonymous_4)
FNDA:59,(anonymous_5)
FNDA:17,(anonymous_6)
FNDA:26,(anonymous_7)
DA:1,1
DA:2,1
DA:4,1
DA:5,1
DA:6,1
DA:10,1
DA:12,33
DA:13,1
DA:16,32
DA:17,76
DA:19,32
DA:20,75
DA:21,17
DA:22,17
DA:25,58
DA:26,58
DA:29,122
DA:31,58
DA:34,32
DA:38,75
DA:42,1
DA:43,4
DA:49,27
DA:51,27
DA:52,76
DA:53,76
DA:54,76
DA:55,76
DA:56,76
DA:59,76
DA:62,27
DA:66,59
DA:67,123
DA:68,123
DA:73,17
DA:75,34
DA:79,34
DA:84,1
DA:95,26
DA:96,148
DA:97,52
DA:99,96
DA:100,96
DA:101,96
DA:102,96
DA:105,26
DA:106,26
DA:107,46
DA:110,26
DA:111,26
DA:112,50
DA:115,26
DA:116,0
DA:119,26
DA:120,26
DA:122,26
LF:56
LH:55
BRDA:12,1,0,1
BRDA:12,1,1,32
BRDA:12,2,0,33
BRDA:12,2,1,32
BRDA:20,3,0,17
BRDA:20,3,1,58
BRDA:25,4,0,57
BRDA:25,4,1,1
BRDA:38,5,0,75
BRDA:38,5,1,73
BRDA:55,6,0,76
BRDA:55,6,1,0
BRDA:76,7,0,17
BRDA:76,7,1,17
BRDA:96,8,0,52
BRDA:96,8,1,96
BRDA:96,9,0,148
BRDA:96,9,1,122
BRDA:115,10,0,0
BRDA:115,10,1,26
BRF:20
BRH:18
end_of_record
TN:
SF:Users/rpeshkov/Developer/vscode-extensions/vscode-text-tables/src/extension.ts
FN:18,loadConfiguration
FN:32,activate
FN:79,(anonymous_9)
FN:142,deactivate
FN:147,registerTableCommand
FN:148,(anonymous_12)
FNF:6
FNH:5
FNDA:6,loadConfiguration
FNDA:1,activate
FNDA:6,(anonymous_9)
FNDA:0,deactivate
FNDA:7,registerTableCommand
FNDA:21,(anonymous_12)
DA:3,1
DA:4,1
DA:5,1
DA:6,1
DA:8,1
DA:9,1
DA:10,1
DA:11,1
DA:13,1
DA:14,1
DA:15,1
DA:16,1
DA:18,1
DA:19,6
DA:21,6
DA:22,3
DA:23,3
DA:24,3
DA:26,3
DA:27,3
DA:28,3
DA:32,2
DA:33,1
DA:35,1
DA:36,1
DA:38,1
DA:39,1
DA:42,1
DA:43,5
DA:45,5
DA:46,5
DA:48,0
DA:52,1
DA:53,12
DA:54,12
DA:58,1
DA:59,0
DA:62,1
DA:63,0
DA:64,1
DA:65,0
DA:67,1
DA:68,1
DA:69,1
DA:70,3
DA:72,1
DA:73,3
DA:76,1
DA:77,4
DA:79,6
DA:83,6
DA:84,6
DA:85,0
DA:88,6
DA:89,6
DA:90,0
DA:92,6
DA:93,6
DA:95,6
DA:96,0
DA:99,6
DA:101,6
DA:106,1
DA:107,1
DA:108,3
DA:112,1
DA:113,2
DA:115,1
DA:116,0
DA:120,0
DA:121,0
DA:123,0
DA:127,0
DA:128,0
DA:129,0
DA:132,0
DA:133,0
DA:134,0
DA:135,0
DA:136,0
DA:142,2
DA:147,1
DA:148,21
DA:149,21
DA:150,21
DA:151,0
DA:153,21
DA:154,21
DA:156,21
DA:157,0
DA:160,21
DA:162,21
DA:163,10
DA:165,11
LF:94
LH:73
BRDA:21,1,0,3
BRDA:21,1,1,3
BRDA:38,2,0,1
BRDA:38,2,1,0
BRDA:45,3,0,5
BRDA:45,3,1,0
BRDA:53,4,0,12
BRDA:53,4,1,0
BRDA:84,5,0,0
BRDA:84,5,1,6
BRDA:89,6,0,0
BRDA:89,6,1,6
BRDA:95,7,0,0
BRDA:95,7,1,6
BRDA:120,8,0,0
BRDA:120,8,1,0
BRDA:128,9,0,0
BRDA:128,9,1,0
BRDA:133,10,0,0
BRDA:133,10,1,0
BRDA:134,11,0,0
BRDA:134,11,1,0
BRDA:135,12,0,0
BRDA:135,12,1,0
BRDA:150,13,0,0
BRDA:150,13,1,21
BRDA:156,14,0,0
BRDA:156,14,1,21
BRDA:162,15,0,10
BRDA:162,15,1,11
BRDA:162,16,0,21
BRDA:162,16,1,10
BRF:32
BRH:14
end_of_record
TN:
SF:Users/rpeshkov/Developer/vscode-extensions/vscode-text-tables/src/utils.ts
FNF:0
FNH:0
DA:1,1
LF:1
LH:1
BRF:0
BRH:0
end_of_record
TN:
SF:Users/rpeshkov/Developer/vscode-extensions/vscode-text-tables/src/context.ts
FN:3,(anonymous_1)
FN:10,registerContext
FN:16,enterContext
FN:26,exitContext
FN:36,restoreContext
FN:50,(anonymous_6)
FN:54,(anonymous_7)
FNF:7
FNH:6
FNDA:1,(anonymous_1)
FNDA:1,registerContext
FNDA:0,enterContext
FNDA:12,exitContext
FNDA:12,restoreContext
FNDA:1,(anonymous_6)
FNDA:13,(anonymous_7)
DA:1,1
DA:3,2
DA:4,1
DA:7,1
DA:8,1
DA:10,2
DA:11,1
DA:12,1
DA:13,1
DA:16,2
DA:17,0
DA:18,0
DA:19,0
DA:21,0
DA:22,0
DA:26,2
DA:27,12
DA:28,12
DA:29,12
DA:31,12
DA:32,12
DA:36,2
DA:37,12
DA:38,12
DA:40,12
DA:41,0
DA:42,0
DA:45,12
DA:46,12
DA:50,1
DA:55,13
DA:56,13
DA:57,13
DA:58,13
LF:34
LH:27
BRDA:3,1,0,1
BRDA:3,1,1,1
BRDA:18,2,0,0
BRDA:18,2,1,0
BRDA:21,3,0,0
BRDA:21,3,1,0
BRDA:28,4,0,12
BRDA:28,4,1,0
BRDA:31,5,0,12
BRDA:31,5,1,12
BRDA:40,6,0,0
BRDA:40,6,1,12
BRDA:56,7,0,13
BRDA:56,7,1,0
BRDA:57,8,0,0
BRDA:57,8,1,13
BRF:16
BRH:8
end_of_record
